#! /usr/bin/vvp
:ivl_version "12.0 (stable)";
:ivl_delay_selection "TYPICAL";
:vpi_time_precision - 12;
:vpi_module "/usr/lib/x86_64-linux-gnu/ivl/system.vpi";
:vpi_module "/usr/lib/x86_64-linux-gnu/ivl/vhdl_sys.vpi";
:vpi_module "/usr/lib/x86_64-linux-gnu/ivl/vhdl_textio.vpi";
:vpi_module "/usr/lib/x86_64-linux-gnu/ivl/v2005_math.vpi";
:vpi_module "/usr/lib/x86_64-linux-gnu/ivl/va_math.vpi";
S_0x62ebf5f73eb0 .scope module, "tb_ALU" "tb_ALU" 2 4;
 .timescale -9 -12;
v0x62ebf5f9a3b0_0 .var "ALU_op", 3 0;
v0x62ebf5f9a490_0 .var "in0", 31 0;
v0x62ebf5f9a530_0 .var "in1", 31 0;
v0x62ebf5f9a630_0 .net "result", 31 0, v0x62ebf5f9a120_0;  1 drivers
v0x62ebf5f9a700_0 .net "zero_flag", 0 0, L_0x62ebf5faa860;  1 drivers
S_0x62ebf5f74040 .scope module, "uut" "ALU" 2 11, 3 1 0, S_0x62ebf5f73eb0;
 .timescale -9 -12;
    .port_info 0 /INPUT 32 "in0";
    .port_info 1 /INPUT 32 "in1";
    .port_info 2 /INPUT 4 "ALU_op";
    .port_info 3 /OUTPUT 32 "result";
    .port_info 4 /OUTPUT 1 "zero_flag";
P_0x62ebf5f36490 .param/l "ADD_op" 0 3 8, C4<0000>;
P_0x62ebf5f364d0 .param/l "AND_op" 0 3 10, C4<0010>;
P_0x62ebf5f36510 .param/l "OR_op" 0 3 11, C4<0011>;
P_0x62ebf5f36550 .param/l "SLL_op" 0 3 15, C4<0111>;
P_0x62ebf5f36590 .param/l "SLTU_op" 0 3 13, C4<0101>;
P_0x62ebf5f365d0 .param/l "SLT_op" 0 3 14, C4<0110>;
P_0x62ebf5f36610 .param/l "SRA_op" 0 3 17, C4<1001>;
P_0x62ebf5f36650 .param/l "SRL_op" 0 3 16, C4<1000>;
P_0x62ebf5f36690 .param/l "SUB_op" 0 3 9, C4<0001>;
P_0x62ebf5f366d0 .param/l "XOR_op" 0 3 12, C4<0100>;
v0x62ebf5f705f0_0 .net "ALU_op", 3 0, v0x62ebf5f9a3b0_0;  1 drivers
L_0x7b27624ce018 .functor BUFT 1, C4<00000000000000000000000000000000>, C4<0>, C4<0>, C4<0>;
v0x62ebf5f70760_0 .net/2u *"_ivl_0", 31 0, L_0x7b27624ce018;  1 drivers
v0x62ebf5f70480_0 .net "in0", 31 0, v0x62ebf5f9a490_0;  1 drivers
v0x62ebf5f70310_0 .net "in1", 31 0, v0x62ebf5f9a530_0;  1 drivers
v0x62ebf5f9a120_0 .var "result", 31 0;
v0x62ebf5f9a250_0 .net "zero_flag", 0 0, L_0x62ebf5faa860;  alias, 1 drivers
E_0x62ebf5f36ad0 .event anyedge, v0x62ebf5f705f0_0, v0x62ebf5f70480_0, v0x62ebf5f70310_0;
L_0x62ebf5faa860 .cmp/eq 32, v0x62ebf5f9a120_0, L_0x7b27624ce018;
    .scope S_0x62ebf5f74040;
T_0 ;
    %wait E_0x62ebf5f36ad0;
    %load/vec4 v0x62ebf5f705f0_0;
    %dup/vec4;
    %pushi/vec4 0, 0, 4;
    %cmp/u;
    %jmp/1 T_0.0, 6;
    %dup/vec4;
    %pushi/vec4 1, 0, 4;
    %cmp/u;
    %jmp/1 T_0.1, 6;
    %dup/vec4;
    %pushi/vec4 2, 0, 4;
    %cmp/u;
    %jmp/1 T_0.2, 6;
    %dup/vec4;
    %pushi/vec4 3, 0, 4;
    %cmp/u;
    %jmp/1 T_0.3, 6;
    %dup/vec4;
    %pushi/vec4 4, 0, 4;
    %cmp/u;
    %jmp/1 T_0.4, 6;
    %dup/vec4;
    %pushi/vec4 6, 0, 4;
    %cmp/u;
    %jmp/1 T_0.5, 6;
    %dup/vec4;
    %pushi/vec4 5, 0, 4;
    %cmp/u;
    %jmp/1 T_0.6, 6;
    %dup/vec4;
    %pushi/vec4 7, 0, 4;
    %cmp/u;
    %jmp/1 T_0.7, 6;
    %dup/vec4;
    %pushi/vec4 8, 0, 4;
    %cmp/u;
    %jmp/1 T_0.8, 6;
    %dup/vec4;
    %pushi/vec4 9, 0, 4;
    %cmp/u;
    %jmp/1 T_0.9, 6;
    %pushi/vec4 0, 0, 32;
    %store/vec4 v0x62ebf5f9a120_0, 0, 32;
    %jmp T_0.11;
T_0.0 ;
    %load/vec4 v0x62ebf5f70480_0;
    %load/vec4 v0x62ebf5f70310_0;
    %add;
    %store/vec4 v0x62ebf5f9a120_0, 0, 32;
    %jmp T_0.11;
T_0.1 ;
    %load/vec4 v0x62ebf5f70480_0;
    %load/vec4 v0x62ebf5f70310_0;
    %sub;
    %store/vec4 v0x62ebf5f9a120_0, 0, 32;
    %jmp T_0.11;
T_0.2 ;
    %load/vec4 v0x62ebf5f70480_0;
    %load/vec4 v0x62ebf5f70310_0;
    %and;
    %store/vec4 v0x62ebf5f9a120_0, 0, 32;
    %jmp T_0.11;
T_0.3 ;
    %load/vec4 v0x62ebf5f70480_0;
    %load/vec4 v0x62ebf5f70310_0;
    %or;
    %store/vec4 v0x62ebf5f9a120_0, 0, 32;
    %jmp T_0.11;
T_0.4 ;
    %load/vec4 v0x62ebf5f70480_0;
    %load/vec4 v0x62ebf5f70310_0;
    %xor;
    %store/vec4 v0x62ebf5f9a120_0, 0, 32;
    %jmp T_0.11;
T_0.5 ;
    %load/vec4 v0x62ebf5f70480_0;
    %load/vec4 v0x62ebf5f70310_0;
    %cmp/s;
    %flag_mov 8, 5;
    %jmp/0 T_0.12, 8;
    %pushi/vec4 1, 0, 32;
    %jmp/1 T_0.13, 8;
T_0.12 ; End of true expr.
    %pushi/vec4 0, 0, 32;
    %jmp/0 T_0.13, 8;
 ; End of false expr.
    %blend;
T_0.13;
    %store/vec4 v0x62ebf5f9a120_0, 0, 32;
    %jmp T_0.11;
T_0.6 ;
    %load/vec4 v0x62ebf5f70480_0;
    %load/vec4 v0x62ebf5f70310_0;
    %cmp/u;
    %flag_mov 8, 5;
    %jmp/0 T_0.14, 8;
    %pushi/vec4 1, 0, 32;
    %jmp/1 T_0.15, 8;
T_0.14 ; End of true expr.
    %pushi/vec4 0, 0, 32;
    %jmp/0 T_0.15, 8;
 ; End of false expr.
    %blend;
T_0.15;
    %store/vec4 v0x62ebf5f9a120_0, 0, 32;
    %jmp T_0.11;
T_0.7 ;
    %load/vec4 v0x62ebf5f70480_0;
    %load/vec4 v0x62ebf5f70310_0;
    %parti/s 5, 0, 2;
    %ix/vec4 4;
    %shiftl 4;
    %store/vec4 v0x62ebf5f9a120_0, 0, 32;
    %jmp T_0.11;
T_0.8 ;
    %load/vec4 v0x62ebf5f70480_0;
    %load/vec4 v0x62ebf5f70310_0;
    %parti/s 5, 0, 2;
    %ix/vec4 4;
    %shiftr 4;
    %store/vec4 v0x62ebf5f9a120_0, 0, 32;
    %jmp T_0.11;
T_0.9 ;
    %load/vec4 v0x62ebf5f70480_0;
    %load/vec4 v0x62ebf5f70310_0;
    %parti/s 5, 0, 2;
    %ix/vec4 4;
    %shiftr/s 4;
    %store/vec4 v0x62ebf5f9a120_0, 0, 32;
    %jmp T_0.11;
T_0.11 ;
    %pop/vec4 1;
    %jmp T_0;
    .thread T_0, $push;
    .scope S_0x62ebf5f73eb0;
T_1 ;
    %vpi_call 2 20 "$dumpfile", "ALU_Waveform.vcd" {0 0 0};
    %vpi_call 2 21 "$dumpvars", 32'sb00000000000000000000000000000000, S_0x62ebf5f73eb0 {0 0 0};
    %pushi/vec4 0, 0, 4;
    %store/vec4 v0x62ebf5f9a3b0_0, 0, 4;
    %pushi/vec4 2147483647, 0, 32;
    %store/vec4 v0x62ebf5f9a490_0, 0, 32;
    %pushi/vec4 1, 0, 32;
    %store/vec4 v0x62ebf5f9a530_0, 0, 32;
    %delay 10000, 0;
    %pushi/vec4 4294967295, 0, 32;
    %store/vec4 v0x62ebf5f9a490_0, 0, 32;
    %pushi/vec4 1, 0, 32;
    %store/vec4 v0x62ebf5f9a530_0, 0, 32;
    %delay 10000, 0;
    %pushi/vec4 2147483648, 0, 32;
    %store/vec4 v0x62ebf5f9a490_0, 0, 32;
    %pushi/vec4 2147483648, 0, 32;
    %store/vec4 v0x62ebf5f9a530_0, 0, 32;
    %delay 10000, 0;
    %pushi/vec4 1, 0, 4;
    %store/vec4 v0x62ebf5f9a3b0_0, 0, 4;
    %pushi/vec4 0, 0, 32;
    %store/vec4 v0x62ebf5f9a490_0, 0, 32;
    %pushi/vec4 1, 0, 32;
    %store/vec4 v0x62ebf5f9a530_0, 0, 32;
    %delay 10000, 0;
    %pushi/vec4 2147483648, 0, 32;
    %store/vec4 v0x62ebf5f9a490_0, 0, 32;
    %pushi/vec4 1, 0, 32;
    %store/vec4 v0x62ebf5f9a530_0, 0, 32;
    %delay 10000, 0;
    %pushi/vec4 2147483647, 0, 32;
    %store/vec4 v0x62ebf5f9a490_0, 0, 32;
    %pushi/vec4 4294967295, 0, 32;
    %store/vec4 v0x62ebf5f9a530_0, 0, 32;
    %delay 10000, 0;
    %pushi/vec4 2, 0, 4;
    %store/vec4 v0x62ebf5f9a3b0_0, 0, 4;
    %pushi/vec4 4294967295, 0, 32;
    %store/vec4 v0x62ebf5f9a490_0, 0, 32;
    %pushi/vec4 0, 0, 32;
    %store/vec4 v0x62ebf5f9a530_0, 0, 32;
    %delay 10000, 0;
    %pushi/vec4 2863311530, 0, 32;
    %store/vec4 v0x62ebf5f9a490_0, 0, 32;
    %pushi/vec4 1431655765, 0, 32;
    %store/vec4 v0x62ebf5f9a530_0, 0, 32;
    %delay 10000, 0;
    %pushi/vec4 4042322160, 0, 32;
    %store/vec4 v0x62ebf5f9a490_0, 0, 32;
    %pushi/vec4 252645135, 0, 32;
    %store/vec4 v0x62ebf5f9a530_0, 0, 32;
    %delay 10000, 0;
    %pushi/vec4 3, 0, 4;
    %store/vec4 v0x62ebf5f9a3b0_0, 0, 4;
    %pushi/vec4 4294967295, 0, 32;
    %store/vec4 v0x62ebf5f9a490_0, 0, 32;
    %pushi/vec4 0, 0, 32;
    %store/vec4 v0x62ebf5f9a530_0, 0, 32;
    %delay 10000, 0;
    %pushi/vec4 2863311530, 0, 32;
    %store/vec4 v0x62ebf5f9a490_0, 0, 32;
    %pushi/vec4 1431655765, 0, 32;
    %store/vec4 v0x62ebf5f9a530_0, 0, 32;
    %delay 10000, 0;
    %pushi/vec4 4042322160, 0, 32;
    %store/vec4 v0x62ebf5f9a490_0, 0, 32;
    %pushi/vec4 252645135, 0, 32;
    %store/vec4 v0x62ebf5f9a530_0, 0, 32;
    %delay 10000, 0;
    %pushi/vec4 4, 0, 4;
    %store/vec4 v0x62ebf5f9a3b0_0, 0, 4;
    %pushi/vec4 4294967295, 0, 32;
    %store/vec4 v0x62ebf5f9a490_0, 0, 32;
    %pushi/vec4 0, 0, 32;
    %store/vec4 v0x62ebf5f9a530_0, 0, 32;
    %delay 10000, 0;
    %pushi/vec4 2863311530, 0, 32;
    %store/vec4 v0x62ebf5f9a490_0, 0, 32;
    %pushi/vec4 1431655765, 0, 32;
    %store/vec4 v0x62ebf5f9a530_0, 0, 32;
    %delay 10000, 0;
    %pushi/vec4 4042322160, 0, 32;
    %store/vec4 v0x62ebf5f9a490_0, 0, 32;
    %pushi/vec4 252645135, 0, 32;
    %store/vec4 v0x62ebf5f9a530_0, 0, 32;
    %delay 10000, 0;
    %pushi/vec4 5, 0, 4;
    %store/vec4 v0x62ebf5f9a3b0_0, 0, 4;
    %pushi/vec4 1, 0, 32;
    %store/vec4 v0x62ebf5f9a490_0, 0, 32;
    %pushi/vec4 2, 0, 32;
    %store/vec4 v0x62ebf5f9a530_0, 0, 32;
    %delay 10000, 0;
    %pushi/vec4 4294967295, 0, 32;
    %store/vec4 v0x62ebf5f9a490_0, 0, 32;
    %pushi/vec4 1, 0, 32;
    %store/vec4 v0x62ebf5f9a530_0, 0, 32;
    %delay 10000, 0;
    %pushi/vec4 2147483647, 0, 32;
    %store/vec4 v0x62ebf5f9a490_0, 0, 32;
    %pushi/vec4 2147483648, 0, 32;
    %store/vec4 v0x62ebf5f9a530_0, 0, 32;
    %delay 10000, 0;
    %pushi/vec4 6, 0, 4;
    %store/vec4 v0x62ebf5f9a3b0_0, 0, 4;
    %pushi/vec4 1, 0, 32;
    %store/vec4 v0x62ebf5f9a490_0, 0, 32;
    %pushi/vec4 2, 0, 32;
    %store/vec4 v0x62ebf5f9a530_0, 0, 32;
    %delay 10000, 0;
    %pushi/vec4 4294967295, 0, 32;
    %store/vec4 v0x62ebf5f9a490_0, 0, 32;
    %pushi/vec4 1, 0, 32;
    %store/vec4 v0x62ebf5f9a530_0, 0, 32;
    %delay 10000, 0;
    %pushi/vec4 2147483648, 0, 32;
    %store/vec4 v0x62ebf5f9a490_0, 0, 32;
    %pushi/vec4 2147483647, 0, 32;
    %store/vec4 v0x62ebf5f9a530_0, 0, 32;
    %delay 10000, 0;
    %pushi/vec4 7, 0, 4;
    %store/vec4 v0x62ebf5f9a3b0_0, 0, 4;
    %pushi/vec4 1, 0, 32;
    %store/vec4 v0x62ebf5f9a490_0, 0, 32;
    %pushi/vec4 2, 0, 32;
    %store/vec4 v0x62ebf5f9a530_0, 0, 32;
    %delay 10000, 0;
    %pushi/vec4 1, 0, 32;
    %store/vec4 v0x62ebf5f9a490_0, 0, 32;
    %pushi/vec4 0, 0, 32;
    %store/vec4 v0x62ebf5f9a530_0, 0, 32;
    %delay 10000, 0;
    %pushi/vec4 4026531840, 0, 32;
    %store/vec4 v0x62ebf5f9a490_0, 0, 32;
    %pushi/vec4 251658240, 0, 32;
    %store/vec4 v0x62ebf5f9a530_0, 0, 32;
    %delay 10000, 0;
    %pushi/vec4 8, 0, 4;
    %store/vec4 v0x62ebf5f9a3b0_0, 0, 4;
    %pushi/vec4 2147483648, 0, 32;
    %store/vec4 v0x62ebf5f9a490_0, 0, 32;
    %pushi/vec4 3221225472, 0, 32;
    %store/vec4 v0x62ebf5f9a530_0, 0, 32;
    %delay 10000, 0;
    %pushi/vec4 1, 0, 32;
    %store/vec4 v0x62ebf5f9a490_0, 0, 32;
    %pushi/vec4 0, 0, 32;
    %store/vec4 v0x62ebf5f9a530_0, 0, 32;
    %delay 10000, 0;
    %pushi/vec4 4026531840, 0, 32;
    %store/vec4 v0x62ebf5f9a490_0, 0, 32;
    %pushi/vec4 251658240, 0, 32;
    %store/vec4 v0x62ebf5f9a530_0, 0, 32;
    %delay 10000, 0;
    %pushi/vec4 9, 0, 4;
    %store/vec4 v0x62ebf5f9a3b0_0, 0, 4;
    %pushi/vec4 2147483648, 0, 32;
    %store/vec4 v0x62ebf5f9a490_0, 0, 32;
    %pushi/vec4 3221225472, 0, 32;
    %store/vec4 v0x62ebf5f9a530_0, 0, 32;
    %delay 10000, 0;
    %pushi/vec4 4294967295, 0, 32;
    %store/vec4 v0x62ebf5f9a490_0, 0, 32;
    %pushi/vec4 4294967295, 0, 32;
    %store/vec4 v0x62ebf5f9a530_0, 0, 32;
    %delay 10000, 0;
    %pushi/vec4 4026531840, 0, 32;
    %store/vec4 v0x62ebf5f9a490_0, 0, 32;
    %pushi/vec4 4278190080, 0, 32;
    %store/vec4 v0x62ebf5f9a530_0, 0, 32;
    %delay 10000, 0;
    %vpi_call 2 124 "$finish" {0 0 0};
    %end;
    .thread T_1;
# The file index is used to find the file name in the following table.
:file_names 4;
    "N/A";
    "<interactive>";
    "tb/tb_ALU.v";
    "./rtl/ALU.v";
