#! /usr/bin/vvp
:ivl_version "12.0 (stable)";
:ivl_delay_selection "TYPICAL";
:vpi_time_precision - 12;
:vpi_module "/usr/lib/x86_64-linux-gnu/ivl/system.vpi";
:vpi_module "/usr/lib/x86_64-linux-gnu/ivl/vhdl_sys.vpi";
:vpi_module "/usr/lib/x86_64-linux-gnu/ivl/vhdl_textio.vpi";
:vpi_module "/usr/lib/x86_64-linux-gnu/ivl/v2005_math.vpi";
:vpi_module "/usr/lib/x86_64-linux-gnu/ivl/va_math.vpi";
S_0x5a80d25584a0 .scope module, "tb_CPU_top" "tb_CPU_top" 2 16;
 .timescale -9 -12;
v0x5a80d258ca90_0 .var "clk", 0 0;
v0x5a80d258cb30_0 .var "rst", 0 0;
S_0x5a80d2547b00 .scope module, "uut" "CPU_top" 2 20, 3 1 0, S_0x5a80d25584a0;
 .timescale -9 -12;
    .port_info 0 /INPUT 1 "clk";
    .port_info 1 /INPUT 1 "rst";
v0x5a80d258b730_0 .net "ALU_result", 31 0, v0x5a80d25845a0_0;  1 drivers
v0x5a80d258b8a0_0 .net "Branch_taken", 0 0, v0x5a80d2584990_0;  1 drivers
v0x5a80d258b960_0 .net "Instruction", 31 0, L_0x5a80d258cdd0;  1 drivers
v0x5a80d258ba00_0 .net "PC_out", 31 0, v0x5a80d2586b60_0;  1 drivers
v0x5a80d258bb30_0 .net "PC_target", 31 0, v0x5a80d2584ef0_0;  1 drivers
v0x5a80d258bbf0_0 .net "alu_op", 3 0, v0x5a80d25467c0_0;  1 drivers
v0x5a80d258bd40_0 .net "alu_src", 0 0, v0x5a80d25468c0_0;  1 drivers
v0x5a80d258bde0_0 .net "branch", 0 0, v0x5a80d257f810_0;  1 drivers
v0x5a80d258be80_0 .net "clk", 0 0, v0x5a80d258ca90_0;  1 drivers
v0x5a80d258bfb0_0 .net "imm", 31 0, v0x5a80d2580d70_0;  1 drivers
v0x5a80d258c070_0 .net "jump", 0 0, v0x5a80d257fba0_0;  1 drivers
v0x5a80d258c110_0 .net "jump_reg", 0 0, v0x5a80d257fc60_0;  1 drivers
v0x5a80d258c1b0_0 .net "mem_data", 31 0, v0x5a80d258ac80_0;  1 drivers
v0x5a80d258c270_0 .net "mem_read", 0 0, v0x5a80d257fd20_0;  1 drivers
v0x5a80d258c310_0 .net "mem_to_reg", 0 0, v0x5a80d257fde0_0;  1 drivers
v0x5a80d258c3b0_0 .net "mem_write", 0 0, v0x5a80d257fea0_0;  1 drivers
v0x5a80d258c450_0 .net "rd_addr", 4 0, L_0x5a80d258ce90;  1 drivers
v0x5a80d258c620_0 .net "rd_w_data", 31 0, v0x5a80d258b5e0_0;  1 drivers
v0x5a80d258c6c0_0 .net "rs1_data", 31 0, v0x5a80d2581e00_0;  1 drivers
v0x5a80d258c780_0 .net "rs2_data", 31 0, v0x5a80d2581fb0_0;  1 drivers
v0x5a80d258c840_0 .net "rs2_forward", 31 0, L_0x5a80d259d640;  1 drivers
v0x5a80d258c900_0 .net "rst", 0 0, v0x5a80d258cb30_0;  1 drivers
S_0x5a80d253a360 .scope module, "DECODE" "ID_stage" 3 35, 4 1 0, S_0x5a80d2547b00;
 .timescale -9 -12;
    .port_info 0 /INPUT 32 "instruction";
    .port_info 1 /INPUT 32 "rd_w_data";
    .port_info 2 /INPUT 1 "clk";
    .port_info 3 /INPUT 1 "rst";
    .port_info 4 /OUTPUT 32 "rs1_data";
    .port_info 5 /OUTPUT 32 "rs2_data";
    .port_info 6 /OUTPUT 32 "imm";
    .port_info 7 /OUTPUT 5 "rd_addr";
    .port_info 8 /OUTPUT 4 "alu_op";
    .port_info 9 /OUTPUT 1 "alu_src";
    .port_info 10 /OUTPUT 1 "mem_read";
    .port_info 11 /OUTPUT 1 "mem_write";
    .port_info 12 /OUTPUT 1 "mem_to_reg";
    .port_info 13 /OUTPUT 1 "branch";
    .port_info 14 /OUTPUT 1 "jump";
    .port_info 15 /OUTPUT 1 "jump_reg";
L_0x5a80d258ce90 .functor BUFZ 5, L_0x5a80d258cff0, C4<00000>, C4<00000>, C4<00000>;
v0x5a80d2582250_0 .net "alu_op", 3 0, v0x5a80d25467c0_0;  alias, 1 drivers
v0x5a80d2582360_0 .net "alu_src", 0 0, v0x5a80d25468c0_0;  alias, 1 drivers
v0x5a80d2582430_0 .net "branch", 0 0, v0x5a80d257f810_0;  alias, 1 drivers
v0x5a80d2582530_0 .net "clk", 0 0, v0x5a80d258ca90_0;  alias, 1 drivers
v0x5a80d2582600_0 .net "imm", 31 0, v0x5a80d2580d70_0;  alias, 1 drivers
v0x5a80d25826a0_0 .net "instruction", 31 0, L_0x5a80d258cdd0;  alias, 1 drivers
v0x5a80d2582790_0 .net "jump", 0 0, v0x5a80d257fba0_0;  alias, 1 drivers
v0x5a80d2582830_0 .net "jump_reg", 0 0, v0x5a80d257fc60_0;  alias, 1 drivers
v0x5a80d2582900_0 .net "mem_read", 0 0, v0x5a80d257fd20_0;  alias, 1 drivers
v0x5a80d2582a60_0 .net "mem_to_reg", 0 0, v0x5a80d257fde0_0;  alias, 1 drivers
v0x5a80d2582b30_0 .net "mem_write", 0 0, v0x5a80d257fea0_0;  alias, 1 drivers
v0x5a80d2582c00_0 .net "rd_addr", 4 0, L_0x5a80d258ce90;  alias, 1 drivers
v0x5a80d2582ca0_0 .net "rd_addr_decoder", 4 0, L_0x5a80d258cff0;  1 drivers
v0x5a80d2582d40_0 .net "rd_w_data", 31 0, v0x5a80d258b5e0_0;  alias, 1 drivers
v0x5a80d2582de0_0 .net "reg_write", 0 0, v0x5a80d2580120_0;  1 drivers
v0x5a80d2582ed0_0 .net "rs1_addr_decoder", 4 0, L_0x5a80d258d2d0;  1 drivers
v0x5a80d2582fc0_0 .net "rs1_data", 31 0, v0x5a80d2581e00_0;  alias, 1 drivers
v0x5a80d2583060_0 .net "rs2_addr_decoder", 4 0, L_0x5a80d258d370;  1 drivers
v0x5a80d2583150_0 .net "rs2_data", 31 0, v0x5a80d2581fb0_0;  alias, 1 drivers
v0x5a80d25831f0_0 .net "rst", 0 0, v0x5a80d258cb30_0;  alias, 1 drivers
S_0x5a80d25265d0 .scope module, "DECODER" "decoder_stage" 4 30, 5 1 0, S_0x5a80d253a360;
 .timescale -9 -12;
    .port_info 0 /INPUT 32 "instruction";
    .port_info 1 /OUTPUT 5 "rs1_addr";
    .port_info 2 /OUTPUT 5 "rs2_addr";
    .port_info 3 /OUTPUT 5 "rd_addr";
    .port_info 4 /OUTPUT 4 "alu_op";
    .port_info 5 /OUTPUT 1 "reg_write";
    .port_info 6 /OUTPUT 1 "alu_src";
    .port_info 7 /OUTPUT 1 "mem_read";
    .port_info 8 /OUTPUT 1 "mem_write";
    .port_info 9 /OUTPUT 1 "mem_to_reg";
    .port_info 10 /OUTPUT 1 "branch";
    .port_info 11 /OUTPUT 1 "jump";
    .port_info 12 /OUTPUT 1 "jump_reg";
P_0x5a80d25267b0 .param/l "AUIPC" 0 5 40, C4<0010111>;
P_0x5a80d25267f0 .param/l "BRANCH" 0 5 38, C4<1100011>;
P_0x5a80d2526830 .param/l "JAL" 0 5 41, C4<1101111>;
P_0x5a80d2526870 .param/l "JALR" 0 5 36, C4<1100111>;
P_0x5a80d25268b0 .param/l "LOAD" 0 5 35, C4<0000011>;
P_0x5a80d25268f0 .param/l "LUI" 0 5 39, C4<0110111>;
P_0x5a80d2526930 .param/l "OP" 0 5 42, C4<0110011>;
P_0x5a80d2526970 .param/l "OP_IMM" 0 5 34, C4<0010011>;
P_0x5a80d25269b0 .param/l "STORE" 0 5 37, C4<0100011>;
v0x5a80d25467c0_0 .var "alu_op", 3 0;
v0x5a80d25468c0_0 .var "alu_src", 0 0;
v0x5a80d257f810_0 .var "branch", 0 0;
v0x5a80d257f8b0_0 .net "funct3", 2 0, L_0x5a80d258d230;  1 drivers
v0x5a80d257f990_0 .net "funct7", 6 0, L_0x5a80d258d410;  1 drivers
v0x5a80d257fac0_0 .net "instruction", 31 0, L_0x5a80d258cdd0;  alias, 1 drivers
v0x5a80d257fba0_0 .var "jump", 0 0;
v0x5a80d257fc60_0 .var "jump_reg", 0 0;
v0x5a80d257fd20_0 .var "mem_read", 0 0;
v0x5a80d257fde0_0 .var "mem_to_reg", 0 0;
v0x5a80d257fea0_0 .var "mem_write", 0 0;
v0x5a80d257ff60_0 .net "op_code", 6 0, L_0x5a80d258cf50;  1 drivers
v0x5a80d2580040_0 .net "rd_addr", 4 0, L_0x5a80d258cff0;  alias, 1 drivers
v0x5a80d2580120_0 .var "reg_write", 0 0;
v0x5a80d25801e0_0 .net "rs1_addr", 4 0, L_0x5a80d258d2d0;  alias, 1 drivers
v0x5a80d25802c0_0 .net "rs2_addr", 4 0, L_0x5a80d258d370;  alias, 1 drivers
E_0x5a80d2569730 .event anyedge, v0x5a80d257ff60_0, v0x5a80d257f8b0_0, v0x5a80d257f990_0;
L_0x5a80d258cf50 .part L_0x5a80d258cdd0, 0, 7;
L_0x5a80d258cff0 .part L_0x5a80d258cdd0, 7, 5;
L_0x5a80d258d230 .part L_0x5a80d258cdd0, 12, 3;
L_0x5a80d258d2d0 .part L_0x5a80d258cdd0, 15, 5;
L_0x5a80d258d370 .part L_0x5a80d258cdd0, 20, 5;
L_0x5a80d258d410 .part L_0x5a80d258cdd0, 25, 7;
S_0x5a80d2580540 .scope module, "IMM_GENERATOR" "ImmediateGenerator" 4 45, 6 1 0, S_0x5a80d253a360;
 .timescale -9 -12;
    .port_info 0 /INPUT 32 "instruction";
    .port_info 1 /OUTPUT 32 "imm";
P_0x5a80d25806f0 .param/l "AUIPC" 0 6 15, C4<0010111>;
P_0x5a80d2580730 .param/l "BRANCH" 0 6 13, C4<1100011>;
P_0x5a80d2580770 .param/l "JAL" 0 6 16, C4<1101111>;
P_0x5a80d25807b0 .param/l "JALR" 0 6 11, C4<1100111>;
P_0x5a80d25807f0 .param/l "LOAD" 0 6 10, C4<0000011>;
P_0x5a80d2580830 .param/l "LUI" 0 6 14, C4<0110111>;
P_0x5a80d2580870 .param/l "OP" 0 6 17, C4<0110011>;
P_0x5a80d25808b0 .param/l "OP_IMM" 0 6 9, C4<0010011>;
P_0x5a80d25808f0 .param/l "STORE" 0 6 12, C4<0100011>;
v0x5a80d2580d70_0 .var "imm", 31 0;
v0x5a80d2580e70_0 .net "instruct_type", 6 0, L_0x5a80d258d4f0;  1 drivers
v0x5a80d2580f50_0 .net "instruction", 31 0, L_0x5a80d258cdd0;  alias, 1 drivers
E_0x5a80d2569c70 .event anyedge, v0x5a80d2580e70_0, v0x5a80d257fac0_0, v0x5a80d2580d70_0;
L_0x5a80d258d4f0 .part L_0x5a80d258cdd0, 0, 7;
S_0x5a80d2581030 .scope module, "REGISTER" "Reg32x32" 4 19, 7 1 0, S_0x5a80d253a360;
 .timescale -9 -12;
    .port_info 0 /INPUT 1 "clk";
    .port_info 1 /INPUT 1 "rst";
    .port_info 2 /INPUT 1 "rd_we";
    .port_info 3 /INPUT 5 "rs1_addr";
    .port_info 4 /INPUT 5 "rs2_addr";
    .port_info 5 /INPUT 5 "rd_addr";
    .port_info 6 /INPUT 32 "rd_wdata";
    .port_info 7 /OUTPUT 32 "rs1_data";
    .port_info 8 /OUTPUT 32 "rs2_data";
v0x5a80d2581480_0 .net "clk", 0 0, v0x5a80d258ca90_0;  alias, 1 drivers
v0x5a80d2581540_0 .var/i "i", 31 0;
v0x5a80d2581620 .array "mem", 31 0, 31 0;
v0x5a80d2581ac0_0 .net "rd_addr", 4 0, L_0x5a80d258cff0;  alias, 1 drivers
v0x5a80d2581b80_0 .net "rd_wdata", 31 0, v0x5a80d258b5e0_0;  alias, 1 drivers
v0x5a80d2581c90_0 .net "rd_we", 0 0, v0x5a80d2580120_0;  alias, 1 drivers
v0x5a80d2581d30_0 .net "rs1_addr", 4 0, L_0x5a80d258d2d0;  alias, 1 drivers
v0x5a80d2581e00_0 .var "rs1_data", 31 0;
v0x5a80d2581ec0_0 .net "rs2_addr", 4 0, L_0x5a80d258d370;  alias, 1 drivers
v0x5a80d2581fb0_0 .var "rs2_data", 31 0;
v0x5a80d2582070_0 .net "rst", 0 0, v0x5a80d258cb30_0;  alias, 1 drivers
v0x5a80d2581620_0 .array/port v0x5a80d2581620, 0;
v0x5a80d2581620_1 .array/port v0x5a80d2581620, 1;
v0x5a80d2581620_2 .array/port v0x5a80d2581620, 2;
E_0x5a80d2567440/0 .event anyedge, v0x5a80d25801e0_0, v0x5a80d2581620_0, v0x5a80d2581620_1, v0x5a80d2581620_2;
v0x5a80d2581620_3 .array/port v0x5a80d2581620, 3;
v0x5a80d2581620_4 .array/port v0x5a80d2581620, 4;
v0x5a80d2581620_5 .array/port v0x5a80d2581620, 5;
v0x5a80d2581620_6 .array/port v0x5a80d2581620, 6;
E_0x5a80d2567440/1 .event anyedge, v0x5a80d2581620_3, v0x5a80d2581620_4, v0x5a80d2581620_5, v0x5a80d2581620_6;
v0x5a80d2581620_7 .array/port v0x5a80d2581620, 7;
v0x5a80d2581620_8 .array/port v0x5a80d2581620, 8;
v0x5a80d2581620_9 .array/port v0x5a80d2581620, 9;
v0x5a80d2581620_10 .array/port v0x5a80d2581620, 10;
E_0x5a80d2567440/2 .event anyedge, v0x5a80d2581620_7, v0x5a80d2581620_8, v0x5a80d2581620_9, v0x5a80d2581620_10;
v0x5a80d2581620_11 .array/port v0x5a80d2581620, 11;
v0x5a80d2581620_12 .array/port v0x5a80d2581620, 12;
v0x5a80d2581620_13 .array/port v0x5a80d2581620, 13;
v0x5a80d2581620_14 .array/port v0x5a80d2581620, 14;
E_0x5a80d2567440/3 .event anyedge, v0x5a80d2581620_11, v0x5a80d2581620_12, v0x5a80d2581620_13, v0x5a80d2581620_14;
v0x5a80d2581620_15 .array/port v0x5a80d2581620, 15;
v0x5a80d2581620_16 .array/port v0x5a80d2581620, 16;
v0x5a80d2581620_17 .array/port v0x5a80d2581620, 17;
v0x5a80d2581620_18 .array/port v0x5a80d2581620, 18;
E_0x5a80d2567440/4 .event anyedge, v0x5a80d2581620_15, v0x5a80d2581620_16, v0x5a80d2581620_17, v0x5a80d2581620_18;
v0x5a80d2581620_19 .array/port v0x5a80d2581620, 19;
v0x5a80d2581620_20 .array/port v0x5a80d2581620, 20;
v0x5a80d2581620_21 .array/port v0x5a80d2581620, 21;
v0x5a80d2581620_22 .array/port v0x5a80d2581620, 22;
E_0x5a80d2567440/5 .event anyedge, v0x5a80d2581620_19, v0x5a80d2581620_20, v0x5a80d2581620_21, v0x5a80d2581620_22;
v0x5a80d2581620_23 .array/port v0x5a80d2581620, 23;
v0x5a80d2581620_24 .array/port v0x5a80d2581620, 24;
v0x5a80d2581620_25 .array/port v0x5a80d2581620, 25;
v0x5a80d2581620_26 .array/port v0x5a80d2581620, 26;
E_0x5a80d2567440/6 .event anyedge, v0x5a80d2581620_23, v0x5a80d2581620_24, v0x5a80d2581620_25, v0x5a80d2581620_26;
v0x5a80d2581620_27 .array/port v0x5a80d2581620, 27;
v0x5a80d2581620_28 .array/port v0x5a80d2581620, 28;
v0x5a80d2581620_29 .array/port v0x5a80d2581620, 29;
v0x5a80d2581620_30 .array/port v0x5a80d2581620, 30;
E_0x5a80d2567440/7 .event anyedge, v0x5a80d2581620_27, v0x5a80d2581620_28, v0x5a80d2581620_29, v0x5a80d2581620_30;
v0x5a80d2581620_31 .array/port v0x5a80d2581620, 31;
E_0x5a80d2567440/8 .event anyedge, v0x5a80d2581620_31, v0x5a80d25802c0_0;
E_0x5a80d2567440 .event/or E_0x5a80d2567440/0, E_0x5a80d2567440/1, E_0x5a80d2567440/2, E_0x5a80d2567440/3, E_0x5a80d2567440/4, E_0x5a80d2567440/5, E_0x5a80d2567440/6, E_0x5a80d2567440/7, E_0x5a80d2567440/8;
E_0x5a80d25699d0 .event posedge, v0x5a80d2582070_0, v0x5a80d2581480_0;
S_0x5a80d25833f0 .scope module, "EXECUTE" "EX_stage" 3 54, 8 1 0, S_0x5a80d2547b00;
 .timescale -9 -12;
    .port_info 0 /INPUT 32 "rs1_data";
    .port_info 1 /INPUT 32 "rs2_data";
    .port_info 2 /INPUT 32 "imm";
    .port_info 3 /INPUT 32 "PC_out";
    .port_info 4 /INPUT 4 "alu_op";
    .port_info 5 /INPUT 1 "alu_src";
    .port_info 6 /INPUT 1 "branch";
    .port_info 7 /INPUT 1 "jump";
    .port_info 8 /INPUT 1 "jump_reg";
    .port_info 9 /OUTPUT 32 "ALU_result";
    .port_info 10 /OUTPUT 32 "rs2_forward";
    .port_info 11 /OUTPUT 32 "PC_target";
    .port_info 12 /OUTPUT 1 "Branch_taken";
L_0x5a80d259d640 .functor BUFZ 32, v0x5a80d2581fb0_0, C4<00000000000000000000000000000000>, C4<00000000000000000000000000000000>, C4<00000000000000000000000000000000>;
v0x5a80d2584830_0 .net "ALU_flag", 0 0, L_0x5a80d259da60;  1 drivers
v0x5a80d25848f0_0 .net "ALU_result", 31 0, v0x5a80d25845a0_0;  alias, 1 drivers
v0x5a80d2584990_0 .var "Branch_taken", 0 0;
v0x5a80d2584a60_0 .net "PC_branch", 31 0, L_0x5a80d259d6b0;  1 drivers
v0x5a80d2584b20_0 .net "PC_jump", 31 0, L_0x5a80d259d750;  1 drivers
v0x5a80d2584c50_0 .net "PC_jump_reg", 31 0, L_0x5a80d259d900;  1 drivers
v0x5a80d2584d30_0 .net "PC_out", 31 0, v0x5a80d2586b60_0;  alias, 1 drivers
v0x5a80d2584e10_0 .net "PC_plus_4", 31 0, L_0x5a80d259d5a0;  1 drivers
v0x5a80d2584ef0_0 .var "PC_target", 31 0;
L_0x7761da699060 .functor BUFT 1, C4<00000000000000000000000000000100>, C4<0>, C4<0>, C4<0>;
v0x5a80d2584fd0_0 .net/2u *"_ivl_0", 31 0, L_0x7761da699060;  1 drivers
v0x5a80d25850b0_0 .net "alu_op", 3 0, v0x5a80d25467c0_0;  alias, 1 drivers
v0x5a80d2585170_0 .net "alu_src", 0 0, v0x5a80d25468c0_0;  alias, 1 drivers
v0x5a80d2585210_0 .net "branch", 0 0, v0x5a80d257f810_0;  alias, 1 drivers
v0x5a80d2585300_0 .net "imm", 31 0, v0x5a80d2580d70_0;  alias, 1 drivers
v0x5a80d2585410_0 .net "jump", 0 0, v0x5a80d257fba0_0;  alias, 1 drivers
v0x5a80d2585500_0 .net "jump_reg", 0 0, v0x5a80d257fc60_0;  alias, 1 drivers
v0x5a80d25855f0_0 .net "rs1_data", 31 0, v0x5a80d2581e00_0;  alias, 1 drivers
v0x5a80d25857c0_0 .net "rs2_data", 31 0, v0x5a80d2581fb0_0;  alias, 1 drivers
v0x5a80d25858d0_0 .net "rs2_forward", 31 0, L_0x5a80d259d640;  alias, 1 drivers
v0x5a80d25859b0_0 .var "second_im1", 31 0;
E_0x5a80d2583730/0 .event anyedge, v0x5a80d2584e10_0, v0x5a80d257fc60_0, v0x5a80d2584c50_0, v0x5a80d257fba0_0;
E_0x5a80d2583730/1 .event anyedge, v0x5a80d2584b20_0, v0x5a80d257f810_0, v0x5a80d25846d0_0, v0x5a80d2584a60_0;
E_0x5a80d2583730 .event/or E_0x5a80d2583730/0, E_0x5a80d2583730/1;
E_0x5a80d25837c0 .event anyedge, v0x5a80d25468c0_0, v0x5a80d2580d70_0, v0x5a80d2581fb0_0;
L_0x5a80d259d5a0 .arith/sum 32, v0x5a80d2586b60_0, L_0x7761da699060;
L_0x5a80d259d6b0 .arith/sum 32, v0x5a80d2586b60_0, v0x5a80d2580d70_0;
L_0x5a80d259d750 .arith/sum 32, v0x5a80d2586b60_0, v0x5a80d2580d70_0;
L_0x5a80d259d900 .arith/sum 32, v0x5a80d2581e00_0, v0x5a80d2580d70_0;
S_0x5a80d2583820 .scope module, "ALU_Block" "ALU" 8 62, 9 1 0, S_0x5a80d25833f0;
 .timescale -9 -12;
    .port_info 0 /INPUT 32 "in0";
    .port_info 1 /INPUT 32 "in1";
    .port_info 2 /INPUT 4 "ALU_op";
    .port_info 3 /OUTPUT 32 "result";
    .port_info 4 /OUTPUT 1 "zero_flag";
P_0x5a80d2583a20 .param/l "ADD_op" 0 9 8, C4<0000>;
P_0x5a80d2583a60 .param/l "AND_op" 0 9 10, C4<0010>;
P_0x5a80d2583aa0 .param/l "OR_op" 0 9 11, C4<0011>;
P_0x5a80d2583ae0 .param/l "SLL_op" 0 9 15, C4<0111>;
P_0x5a80d2583b20 .param/l "SLTU_op" 0 9 13, C4<0101>;
P_0x5a80d2583b60 .param/l "SLT_op" 0 9 14, C4<0110>;
P_0x5a80d2583ba0 .param/l "SRA_op" 0 9 17, C4<1001>;
P_0x5a80d2583be0 .param/l "SRL_op" 0 9 16, C4<1000>;
P_0x5a80d2583c20 .param/l "SUB_op" 0 9 9, C4<0001>;
P_0x5a80d2583c60 .param/l "XOR_op" 0 9 12, C4<0100>;
v0x5a80d25841c0_0 .net "ALU_op", 3 0, v0x5a80d25467c0_0;  alias, 1 drivers
L_0x7761da6990a8 .functor BUFT 1, C4<00000000000000000000000000000000>, C4<0>, C4<0>, C4<0>;
v0x5a80d25842f0_0 .net/2u *"_ivl_0", 31 0, L_0x7761da6990a8;  1 drivers
v0x5a80d25843d0_0 .net "in0", 31 0, v0x5a80d2581e00_0;  alias, 1 drivers
v0x5a80d25844c0_0 .net "in1", 31 0, v0x5a80d25859b0_0;  1 drivers
v0x5a80d25845a0_0 .var "result", 31 0;
v0x5a80d25846d0_0 .net "zero_flag", 0 0, L_0x5a80d259da60;  alias, 1 drivers
E_0x5a80d2584160 .event anyedge, v0x5a80d25467c0_0, v0x5a80d2581e00_0, v0x5a80d25844c0_0;
L_0x5a80d259da60 .cmp/eq 32, v0x5a80d25845a0_0, L_0x7761da6990a8;
S_0x5a80d2585bf0 .scope module, "FETCH" "fetch_stage" 3 26, 10 1 0, S_0x5a80d2547b00;
 .timescale -9 -12;
    .port_info 0 /INPUT 1 "clk";
    .port_info 1 /INPUT 1 "rst";
    .port_info 2 /INPUT 32 "PC_in";
    .port_info 3 /INPUT 1 "PC_op";
    .port_info 4 /OUTPUT 32 "Instruction_out";
    .port_info 5 /OUTPUT 32 "PC_out";
v0x5a80d2586ee0_0 .net "Instruction_out", 31 0, L_0x5a80d258cdd0;  alias, 1 drivers
v0x5a80d2587050_0 .net "PC_in", 31 0, v0x5a80d2584ef0_0;  alias, 1 drivers
v0x5a80d2587110_0 .net "PC_op", 0 0, v0x5a80d2584990_0;  alias, 1 drivers
v0x5a80d2587200_0 .net "PC_out", 31 0, v0x5a80d2586b60_0;  alias, 1 drivers
v0x5a80d25872a0_0 .net "clk", 0 0, v0x5a80d258ca90_0;  alias, 1 drivers
v0x5a80d2587390_0 .net "rst", 0 0, v0x5a80d258cb30_0;  alias, 1 drivers
S_0x5a80d2585eb0 .scope module, "Instruction_module" "Instruction_mem" 10 16, 11 1 0, S_0x5a80d2585bf0;
 .timescale -9 -12;
    .port_info 0 /INPUT 32 "PC_address";
    .port_info 1 /OUTPUT 32 "IM_instruction";
L_0x5a80d258cdd0 .functor BUFZ 32, L_0x5a80d258cbf0, C4<00000000000000000000000000000000>, C4<00000000000000000000000000000000>, C4<00000000000000000000000000000000>;
v0x5a80d25860f0_0 .net "IM_instruction", 31 0, L_0x5a80d258cdd0;  alias, 1 drivers
v0x5a80d25861d0_0 .net "PC_address", 31 0, v0x5a80d2586b60_0;  alias, 1 drivers
v0x5a80d2586290_0 .net *"_ivl_0", 31 0, L_0x5a80d258cbf0;  1 drivers
v0x5a80d2586330_0 .net *"_ivl_3", 7 0, L_0x5a80d258cc90;  1 drivers
v0x5a80d2586410_0 .net *"_ivl_4", 9 0, L_0x5a80d258cd30;  1 drivers
L_0x7761da699018 .functor BUFT 1, C4<00>, C4<0>, C4<0>, C4<0>;
v0x5a80d2586540_0 .net *"_ivl_7", 1 0, L_0x7761da699018;  1 drivers
v0x5a80d2586620 .array "mem", 0 255, 31 0;
L_0x5a80d258cbf0 .array/port v0x5a80d2586620, L_0x5a80d258cd30;
L_0x5a80d258cc90 .part v0x5a80d2586b60_0, 2, 8;
L_0x5a80d258cd30 .concat [ 8 2 0 0], L_0x5a80d258cc90, L_0x7761da699018;
S_0x5a80d2586740 .scope module, "PC_module" "PC" 10 9, 12 1 0, S_0x5a80d2585bf0;
 .timescale -9 -12;
    .port_info 0 /INPUT 1 "clk";
    .port_info 1 /INPUT 1 "rst";
    .port_info 2 /INPUT 32 "PC_in";
    .port_info 3 /INPUT 1 "PC_op";
    .port_info 4 /OUTPUT 32 "PC_out";
P_0x5a80d25061b0 .param/l "INCREAMENT" 0 12 8, C4<0>;
P_0x5a80d25061f0 .param/l "LOAD" 0 12 9, C4<1>;
v0x5a80d2586a00_0 .net "PC_in", 31 0, v0x5a80d2584ef0_0;  alias, 1 drivers
v0x5a80d2586ac0_0 .net "PC_op", 0 0, v0x5a80d2584990_0;  alias, 1 drivers
v0x5a80d2586b60_0 .var "PC_out", 31 0;
v0x5a80d2586c50_0 .net "clk", 0 0, v0x5a80d258ca90_0;  alias, 1 drivers
v0x5a80d2586d40_0 .net "rst", 0 0, v0x5a80d258cb30_0;  alias, 1 drivers
S_0x5a80d2587530 .scope module, "MEM" "MEM_stage" 3 70, 13 1 0, S_0x5a80d2547b00;
 .timescale -9 -12;
    .port_info 0 /INPUT 1 "mem_read";
    .port_info 1 /INPUT 1 "mem_write";
    .port_info 2 /INPUT 1 "clk";
    .port_info 3 /INPUT 32 "ALU_result";
    .port_info 4 /INPUT 32 "rs2_forward";
    .port_info 5 /OUTPUT 32 "mem_data";
v0x5a80d2588090_0 .net "ALU_result", 31 0, v0x5a80d25845a0_0;  alias, 1 drivers
v0x5a80d25881c0_0 .net "addr", 7 0, L_0x5a80d259db00;  1 drivers
v0x5a80d25882a0_0 .net "clk", 0 0, v0x5a80d258ca90_0;  alias, 1 drivers
v0x5a80d25883d0 .array "data_mem", 0 255, 31 0;
v0x5a80d258ac80_0 .var "mem_data", 31 0;
v0x5a80d258ad60_0 .net "mem_read", 0 0, v0x5a80d257fd20_0;  alias, 1 drivers
v0x5a80d258ae50_0 .net "mem_write", 0 0, v0x5a80d257fea0_0;  alias, 1 drivers
v0x5a80d258af40_0 .net "rs2_forward", 31 0, L_0x5a80d259d640;  alias, 1 drivers
v0x5a80d25883d0_0 .array/port v0x5a80d25883d0, 0;
v0x5a80d25883d0_1 .array/port v0x5a80d25883d0, 1;
E_0x5a80d25877b0/0 .event anyedge, v0x5a80d257fd20_0, v0x5a80d25881c0_0, v0x5a80d25883d0_0, v0x5a80d25883d0_1;
v0x5a80d25883d0_2 .array/port v0x5a80d25883d0, 2;
v0x5a80d25883d0_3 .array/port v0x5a80d25883d0, 3;
v0x5a80d25883d0_4 .array/port v0x5a80d25883d0, 4;
v0x5a80d25883d0_5 .array/port v0x5a80d25883d0, 5;
E_0x5a80d25877b0/1 .event anyedge, v0x5a80d25883d0_2, v0x5a80d25883d0_3, v0x5a80d25883d0_4, v0x5a80d25883d0_5;
v0x5a80d25883d0_6 .array/port v0x5a80d25883d0, 6;
v0x5a80d25883d0_7 .array/port v0x5a80d25883d0, 7;
v0x5a80d25883d0_8 .array/port v0x5a80d25883d0, 8;
v0x5a80d25883d0_9 .array/port v0x5a80d25883d0, 9;
E_0x5a80d25877b0/2 .event anyedge, v0x5a80d25883d0_6, v0x5a80d25883d0_7, v0x5a80d25883d0_8, v0x5a80d25883d0_9;
v0x5a80d25883d0_10 .array/port v0x5a80d25883d0, 10;
v0x5a80d25883d0_11 .array/port v0x5a80d25883d0, 11;
v0x5a80d25883d0_12 .array/port v0x5a80d25883d0, 12;
v0x5a80d25883d0_13 .array/port v0x5a80d25883d0, 13;
E_0x5a80d25877b0/3 .event anyedge, v0x5a80d25883d0_10, v0x5a80d25883d0_11, v0x5a80d25883d0_12, v0x5a80d25883d0_13;
v0x5a80d25883d0_14 .array/port v0x5a80d25883d0, 14;
v0x5a80d25883d0_15 .array/port v0x5a80d25883d0, 15;
v0x5a80d25883d0_16 .array/port v0x5a80d25883d0, 16;
v0x5a80d25883d0_17 .array/port v0x5a80d25883d0, 17;
E_0x5a80d25877b0/4 .event anyedge, v0x5a80d25883d0_14, v0x5a80d25883d0_15, v0x5a80d25883d0_16, v0x5a80d25883d0_17;
v0x5a80d25883d0_18 .array/port v0x5a80d25883d0, 18;
v0x5a80d25883d0_19 .array/port v0x5a80d25883d0, 19;
v0x5a80d25883d0_20 .array/port v0x5a80d25883d0, 20;
v0x5a80d25883d0_21 .array/port v0x5a80d25883d0, 21;
E_0x5a80d25877b0/5 .event anyedge, v0x5a80d25883d0_18, v0x5a80d25883d0_19, v0x5a80d25883d0_20, v0x5a80d25883d0_21;
v0x5a80d25883d0_22 .array/port v0x5a80d25883d0, 22;
v0x5a80d25883d0_23 .array/port v0x5a80d25883d0, 23;
v0x5a80d25883d0_24 .array/port v0x5a80d25883d0, 24;
v0x5a80d25883d0_25 .array/port v0x5a80d25883d0, 25;
E_0x5a80d25877b0/6 .event anyedge, v0x5a80d25883d0_22, v0x5a80d25883d0_23, v0x5a80d25883d0_24, v0x5a80d25883d0_25;
v0x5a80d25883d0_26 .array/port v0x5a80d25883d0, 26;
v0x5a80d25883d0_27 .array/port v0x5a80d25883d0, 27;
v0x5a80d25883d0_28 .array/port v0x5a80d25883d0, 28;
v0x5a80d25883d0_29 .array/port v0x5a80d25883d0, 29;
E_0x5a80d25877b0/7 .event anyedge, v0x5a80d25883d0_26, v0x5a80d25883d0_27, v0x5a80d25883d0_28, v0x5a80d25883d0_29;
v0x5a80d25883d0_30 .array/port v0x5a80d25883d0, 30;
v0x5a80d25883d0_31 .array/port v0x5a80d25883d0, 31;
v0x5a80d25883d0_32 .array/port v0x5a80d25883d0, 32;
v0x5a80d25883d0_33 .array/port v0x5a80d25883d0, 33;
E_0x5a80d25877b0/8 .event anyedge, v0x5a80d25883d0_30, v0x5a80d25883d0_31, v0x5a80d25883d0_32, v0x5a80d25883d0_33;
v0x5a80d25883d0_34 .array/port v0x5a80d25883d0, 34;
v0x5a80d25883d0_35 .array/port v0x5a80d25883d0, 35;
v0x5a80d25883d0_36 .array/port v0x5a80d25883d0, 36;
v0x5a80d25883d0_37 .array/port v0x5a80d25883d0, 37;
E_0x5a80d25877b0/9 .event anyedge, v0x5a80d25883d0_34, v0x5a80d25883d0_35, v0x5a80d25883d0_36, v0x5a80d25883d0_37;
v0x5a80d25883d0_38 .array/port v0x5a80d25883d0, 38;
v0x5a80d25883d0_39 .array/port v0x5a80d25883d0, 39;
v0x5a80d25883d0_40 .array/port v0x5a80d25883d0, 40;
v0x5a80d25883d0_41 .array/port v0x5a80d25883d0, 41;
E_0x5a80d25877b0/10 .event anyedge, v0x5a80d25883d0_38, v0x5a80d25883d0_39, v0x5a80d25883d0_40, v0x5a80d25883d0_41;
v0x5a80d25883d0_42 .array/port v0x5a80d25883d0, 42;
v0x5a80d25883d0_43 .array/port v0x5a80d25883d0, 43;
v0x5a80d25883d0_44 .array/port v0x5a80d25883d0, 44;
v0x5a80d25883d0_45 .array/port v0x5a80d25883d0, 45;
E_0x5a80d25877b0/11 .event anyedge, v0x5a80d25883d0_42, v0x5a80d25883d0_43, v0x5a80d25883d0_44, v0x5a80d25883d0_45;
v0x5a80d25883d0_46 .array/port v0x5a80d25883d0, 46;
v0x5a80d25883d0_47 .array/port v0x5a80d25883d0, 47;
v0x5a80d25883d0_48 .array/port v0x5a80d25883d0, 48;
v0x5a80d25883d0_49 .array/port v0x5a80d25883d0, 49;
E_0x5a80d25877b0/12 .event anyedge, v0x5a80d25883d0_46, v0x5a80d25883d0_47, v0x5a80d25883d0_48, v0x5a80d25883d0_49;
v0x5a80d25883d0_50 .array/port v0x5a80d25883d0, 50;
v0x5a80d25883d0_51 .array/port v0x5a80d25883d0, 51;
v0x5a80d25883d0_52 .array/port v0x5a80d25883d0, 52;
v0x5a80d25883d0_53 .array/port v0x5a80d25883d0, 53;
E_0x5a80d25877b0/13 .event anyedge, v0x5a80d25883d0_50, v0x5a80d25883d0_51, v0x5a80d25883d0_52, v0x5a80d25883d0_53;
v0x5a80d25883d0_54 .array/port v0x5a80d25883d0, 54;
v0x5a80d25883d0_55 .array/port v0x5a80d25883d0, 55;
v0x5a80d25883d0_56 .array/port v0x5a80d25883d0, 56;
v0x5a80d25883d0_57 .array/port v0x5a80d25883d0, 57;
E_0x5a80d25877b0/14 .event anyedge, v0x5a80d25883d0_54, v0x5a80d25883d0_55, v0x5a80d25883d0_56, v0x5a80d25883d0_57;
v0x5a80d25883d0_58 .array/port v0x5a80d25883d0, 58;
v0x5a80d25883d0_59 .array/port v0x5a80d25883d0, 59;
v0x5a80d25883d0_60 .array/port v0x5a80d25883d0, 60;
v0x5a80d25883d0_61 .array/port v0x5a80d25883d0, 61;
E_0x5a80d25877b0/15 .event anyedge, v0x5a80d25883d0_58, v0x5a80d25883d0_59, v0x5a80d25883d0_60, v0x5a80d25883d0_61;
v0x5a80d25883d0_62 .array/port v0x5a80d25883d0, 62;
v0x5a80d25883d0_63 .array/port v0x5a80d25883d0, 63;
v0x5a80d25883d0_64 .array/port v0x5a80d25883d0, 64;
v0x5a80d25883d0_65 .array/port v0x5a80d25883d0, 65;
E_0x5a80d25877b0/16 .event anyedge, v0x5a80d25883d0_62, v0x5a80d25883d0_63, v0x5a80d25883d0_64, v0x5a80d25883d0_65;
v0x5a80d25883d0_66 .array/port v0x5a80d25883d0, 66;
v0x5a80d25883d0_67 .array/port v0x5a80d25883d0, 67;
v0x5a80d25883d0_68 .array/port v0x5a80d25883d0, 68;
v0x5a80d25883d0_69 .array/port v0x5a80d25883d0, 69;
E_0x5a80d25877b0/17 .event anyedge, v0x5a80d25883d0_66, v0x5a80d25883d0_67, v0x5a80d25883d0_68, v0x5a80d25883d0_69;
v0x5a80d25883d0_70 .array/port v0x5a80d25883d0, 70;
v0x5a80d25883d0_71 .array/port v0x5a80d25883d0, 71;
v0x5a80d25883d0_72 .array/port v0x5a80d25883d0, 72;
v0x5a80d25883d0_73 .array/port v0x5a80d25883d0, 73;
E_0x5a80d25877b0/18 .event anyedge, v0x5a80d25883d0_70, v0x5a80d25883d0_71, v0x5a80d25883d0_72, v0x5a80d25883d0_73;
v0x5a80d25883d0_74 .array/port v0x5a80d25883d0, 74;
v0x5a80d25883d0_75 .array/port v0x5a80d25883d0, 75;
v0x5a80d25883d0_76 .array/port v0x5a80d25883d0, 76;
v0x5a80d25883d0_77 .array/port v0x5a80d25883d0, 77;
E_0x5a80d25877b0/19 .event anyedge, v0x5a80d25883d0_74, v0x5a80d25883d0_75, v0x5a80d25883d0_76, v0x5a80d25883d0_77;
v0x5a80d25883d0_78 .array/port v0x5a80d25883d0, 78;
v0x5a80d25883d0_79 .array/port v0x5a80d25883d0, 79;
v0x5a80d25883d0_80 .array/port v0x5a80d25883d0, 80;
v0x5a80d25883d0_81 .array/port v0x5a80d25883d0, 81;
E_0x5a80d25877b0/20 .event anyedge, v0x5a80d25883d0_78, v0x5a80d25883d0_79, v0x5a80d25883d0_80, v0x5a80d25883d0_81;
v0x5a80d25883d0_82 .array/port v0x5a80d25883d0, 82;
v0x5a80d25883d0_83 .array/port v0x5a80d25883d0, 83;
v0x5a80d25883d0_84 .array/port v0x5a80d25883d0, 84;
v0x5a80d25883d0_85 .array/port v0x5a80d25883d0, 85;
E_0x5a80d25877b0/21 .event anyedge, v0x5a80d25883d0_82, v0x5a80d25883d0_83, v0x5a80d25883d0_84, v0x5a80d25883d0_85;
v0x5a80d25883d0_86 .array/port v0x5a80d25883d0, 86;
v0x5a80d25883d0_87 .array/port v0x5a80d25883d0, 87;
v0x5a80d25883d0_88 .array/port v0x5a80d25883d0, 88;
v0x5a80d25883d0_89 .array/port v0x5a80d25883d0, 89;
E_0x5a80d25877b0/22 .event anyedge, v0x5a80d25883d0_86, v0x5a80d25883d0_87, v0x5a80d25883d0_88, v0x5a80d25883d0_89;
v0x5a80d25883d0_90 .array/port v0x5a80d25883d0, 90;
v0x5a80d25883d0_91 .array/port v0x5a80d25883d0, 91;
v0x5a80d25883d0_92 .array/port v0x5a80d25883d0, 92;
v0x5a80d25883d0_93 .array/port v0x5a80d25883d0, 93;
E_0x5a80d25877b0/23 .event anyedge, v0x5a80d25883d0_90, v0x5a80d25883d0_91, v0x5a80d25883d0_92, v0x5a80d25883d0_93;
v0x5a80d25883d0_94 .array/port v0x5a80d25883d0, 94;
v0x5a80d25883d0_95 .array/port v0x5a80d25883d0, 95;
v0x5a80d25883d0_96 .array/port v0x5a80d25883d0, 96;
v0x5a80d25883d0_97 .array/port v0x5a80d25883d0, 97;
E_0x5a80d25877b0/24 .event anyedge, v0x5a80d25883d0_94, v0x5a80d25883d0_95, v0x5a80d25883d0_96, v0x5a80d25883d0_97;
v0x5a80d25883d0_98 .array/port v0x5a80d25883d0, 98;
v0x5a80d25883d0_99 .array/port v0x5a80d25883d0, 99;
v0x5a80d25883d0_100 .array/port v0x5a80d25883d0, 100;
v0x5a80d25883d0_101 .array/port v0x5a80d25883d0, 101;
E_0x5a80d25877b0/25 .event anyedge, v0x5a80d25883d0_98, v0x5a80d25883d0_99, v0x5a80d25883d0_100, v0x5a80d25883d0_101;
v0x5a80d25883d0_102 .array/port v0x5a80d25883d0, 102;
v0x5a80d25883d0_103 .array/port v0x5a80d25883d0, 103;
v0x5a80d25883d0_104 .array/port v0x5a80d25883d0, 104;
v0x5a80d25883d0_105 .array/port v0x5a80d25883d0, 105;
E_0x5a80d25877b0/26 .event anyedge, v0x5a80d25883d0_102, v0x5a80d25883d0_103, v0x5a80d25883d0_104, v0x5a80d25883d0_105;
v0x5a80d25883d0_106 .array/port v0x5a80d25883d0, 106;
v0x5a80d25883d0_107 .array/port v0x5a80d25883d0, 107;
v0x5a80d25883d0_108 .array/port v0x5a80d25883d0, 108;
v0x5a80d25883d0_109 .array/port v0x5a80d25883d0, 109;
E_0x5a80d25877b0/27 .event anyedge, v0x5a80d25883d0_106, v0x5a80d25883d0_107, v0x5a80d25883d0_108, v0x5a80d25883d0_109;
v0x5a80d25883d0_110 .array/port v0x5a80d25883d0, 110;
v0x5a80d25883d0_111 .array/port v0x5a80d25883d0, 111;
v0x5a80d25883d0_112 .array/port v0x5a80d25883d0, 112;
v0x5a80d25883d0_113 .array/port v0x5a80d25883d0, 113;
E_0x5a80d25877b0/28 .event anyedge, v0x5a80d25883d0_110, v0x5a80d25883d0_111, v0x5a80d25883d0_112, v0x5a80d25883d0_113;
v0x5a80d25883d0_114 .array/port v0x5a80d25883d0, 114;
v0x5a80d25883d0_115 .array/port v0x5a80d25883d0, 115;
v0x5a80d25883d0_116 .array/port v0x5a80d25883d0, 116;
v0x5a80d25883d0_117 .array/port v0x5a80d25883d0, 117;
E_0x5a80d25877b0/29 .event anyedge, v0x5a80d25883d0_114, v0x5a80d25883d0_115, v0x5a80d25883d0_116, v0x5a80d25883d0_117;
v0x5a80d25883d0_118 .array/port v0x5a80d25883d0, 118;
v0x5a80d25883d0_119 .array/port v0x5a80d25883d0, 119;
v0x5a80d25883d0_120 .array/port v0x5a80d25883d0, 120;
v0x5a80d25883d0_121 .array/port v0x5a80d25883d0, 121;
E_0x5a80d25877b0/30 .event anyedge, v0x5a80d25883d0_118, v0x5a80d25883d0_119, v0x5a80d25883d0_120, v0x5a80d25883d0_121;
v0x5a80d25883d0_122 .array/port v0x5a80d25883d0, 122;
v0x5a80d25883d0_123 .array/port v0x5a80d25883d0, 123;
v0x5a80d25883d0_124 .array/port v0x5a80d25883d0, 124;
v0x5a80d25883d0_125 .array/port v0x5a80d25883d0, 125;
E_0x5a80d25877b0/31 .event anyedge, v0x5a80d25883d0_122, v0x5a80d25883d0_123, v0x5a80d25883d0_124, v0x5a80d25883d0_125;
v0x5a80d25883d0_126 .array/port v0x5a80d25883d0, 126;
v0x5a80d25883d0_127 .array/port v0x5a80d25883d0, 127;
v0x5a80d25883d0_128 .array/port v0x5a80d25883d0, 128;
v0x5a80d25883d0_129 .array/port v0x5a80d25883d0, 129;
E_0x5a80d25877b0/32 .event anyedge, v0x5a80d25883d0_126, v0x5a80d25883d0_127, v0x5a80d25883d0_128, v0x5a80d25883d0_129;
v0x5a80d25883d0_130 .array/port v0x5a80d25883d0, 130;
v0x5a80d25883d0_131 .array/port v0x5a80d25883d0, 131;
v0x5a80d25883d0_132 .array/port v0x5a80d25883d0, 132;
v0x5a80d25883d0_133 .array/port v0x5a80d25883d0, 133;
E_0x5a80d25877b0/33 .event anyedge, v0x5a80d25883d0_130, v0x5a80d25883d0_131, v0x5a80d25883d0_132, v0x5a80d25883d0_133;
v0x5a80d25883d0_134 .array/port v0x5a80d25883d0, 134;
v0x5a80d25883d0_135 .array/port v0x5a80d25883d0, 135;
v0x5a80d25883d0_136 .array/port v0x5a80d25883d0, 136;
v0x5a80d25883d0_137 .array/port v0x5a80d25883d0, 137;
E_0x5a80d25877b0/34 .event anyedge, v0x5a80d25883d0_134, v0x5a80d25883d0_135, v0x5a80d25883d0_136, v0x5a80d25883d0_137;
v0x5a80d25883d0_138 .array/port v0x5a80d25883d0, 138;
v0x5a80d25883d0_139 .array/port v0x5a80d25883d0, 139;
v0x5a80d25883d0_140 .array/port v0x5a80d25883d0, 140;
v0x5a80d25883d0_141 .array/port v0x5a80d25883d0, 141;
E_0x5a80d25877b0/35 .event anyedge, v0x5a80d25883d0_138, v0x5a80d25883d0_139, v0x5a80d25883d0_140, v0x5a80d25883d0_141;
v0x5a80d25883d0_142 .array/port v0x5a80d25883d0, 142;
v0x5a80d25883d0_143 .array/port v0x5a80d25883d0, 143;
v0x5a80d25883d0_144 .array/port v0x5a80d25883d0, 144;
v0x5a80d25883d0_145 .array/port v0x5a80d25883d0, 145;
E_0x5a80d25877b0/36 .event anyedge, v0x5a80d25883d0_142, v0x5a80d25883d0_143, v0x5a80d25883d0_144, v0x5a80d25883d0_145;
v0x5a80d25883d0_146 .array/port v0x5a80d25883d0, 146;
v0x5a80d25883d0_147 .array/port v0x5a80d25883d0, 147;
v0x5a80d25883d0_148 .array/port v0x5a80d25883d0, 148;
v0x5a80d25883d0_149 .array/port v0x5a80d25883d0, 149;
E_0x5a80d25877b0/37 .event anyedge, v0x5a80d25883d0_146, v0x5a80d25883d0_147, v0x5a80d25883d0_148, v0x5a80d25883d0_149;
v0x5a80d25883d0_150 .array/port v0x5a80d25883d0, 150;
v0x5a80d25883d0_151 .array/port v0x5a80d25883d0, 151;
v0x5a80d25883d0_152 .array/port v0x5a80d25883d0, 152;
v0x5a80d25883d0_153 .array/port v0x5a80d25883d0, 153;
E_0x5a80d25877b0/38 .event anyedge, v0x5a80d25883d0_150, v0x5a80d25883d0_151, v0x5a80d25883d0_152, v0x5a80d25883d0_153;
v0x5a80d25883d0_154 .array/port v0x5a80d25883d0, 154;
v0x5a80d25883d0_155 .array/port v0x5a80d25883d0, 155;
v0x5a80d25883d0_156 .array/port v0x5a80d25883d0, 156;
v0x5a80d25883d0_157 .array/port v0x5a80d25883d0, 157;
E_0x5a80d25877b0/39 .event anyedge, v0x5a80d25883d0_154, v0x5a80d25883d0_155, v0x5a80d25883d0_156, v0x5a80d25883d0_157;
v0x5a80d25883d0_158 .array/port v0x5a80d25883d0, 158;
v0x5a80d25883d0_159 .array/port v0x5a80d25883d0, 159;
v0x5a80d25883d0_160 .array/port v0x5a80d25883d0, 160;
v0x5a80d25883d0_161 .array/port v0x5a80d25883d0, 161;
E_0x5a80d25877b0/40 .event anyedge, v0x5a80d25883d0_158, v0x5a80d25883d0_159, v0x5a80d25883d0_160, v0x5a80d25883d0_161;
v0x5a80d25883d0_162 .array/port v0x5a80d25883d0, 162;
v0x5a80d25883d0_163 .array/port v0x5a80d25883d0, 163;
v0x5a80d25883d0_164 .array/port v0x5a80d25883d0, 164;
v0x5a80d25883d0_165 .array/port v0x5a80d25883d0, 165;
E_0x5a80d25877b0/41 .event anyedge, v0x5a80d25883d0_162, v0x5a80d25883d0_163, v0x5a80d25883d0_164, v0x5a80d25883d0_165;
v0x5a80d25883d0_166 .array/port v0x5a80d25883d0, 166;
v0x5a80d25883d0_167 .array/port v0x5a80d25883d0, 167;
v0x5a80d25883d0_168 .array/port v0x5a80d25883d0, 168;
v0x5a80d25883d0_169 .array/port v0x5a80d25883d0, 169;
E_0x5a80d25877b0/42 .event anyedge, v0x5a80d25883d0_166, v0x5a80d25883d0_167, v0x5a80d25883d0_168, v0x5a80d25883d0_169;
v0x5a80d25883d0_170 .array/port v0x5a80d25883d0, 170;
v0x5a80d25883d0_171 .array/port v0x5a80d25883d0, 171;
v0x5a80d25883d0_172 .array/port v0x5a80d25883d0, 172;
v0x5a80d25883d0_173 .array/port v0x5a80d25883d0, 173;
E_0x5a80d25877b0/43 .event anyedge, v0x5a80d25883d0_170, v0x5a80d25883d0_171, v0x5a80d25883d0_172, v0x5a80d25883d0_173;
v0x5a80d25883d0_174 .array/port v0x5a80d25883d0, 174;
v0x5a80d25883d0_175 .array/port v0x5a80d25883d0, 175;
v0x5a80d25883d0_176 .array/port v0x5a80d25883d0, 176;
v0x5a80d25883d0_177 .array/port v0x5a80d25883d0, 177;
E_0x5a80d25877b0/44 .event anyedge, v0x5a80d25883d0_174, v0x5a80d25883d0_175, v0x5a80d25883d0_176, v0x5a80d25883d0_177;
v0x5a80d25883d0_178 .array/port v0x5a80d25883d0, 178;
v0x5a80d25883d0_179 .array/port v0x5a80d25883d0, 179;
v0x5a80d25883d0_180 .array/port v0x5a80d25883d0, 180;
v0x5a80d25883d0_181 .array/port v0x5a80d25883d0, 181;
E_0x5a80d25877b0/45 .event anyedge, v0x5a80d25883d0_178, v0x5a80d25883d0_179, v0x5a80d25883d0_180, v0x5a80d25883d0_181;
v0x5a80d25883d0_182 .array/port v0x5a80d25883d0, 182;
v0x5a80d25883d0_183 .array/port v0x5a80d25883d0, 183;
v0x5a80d25883d0_184 .array/port v0x5a80d25883d0, 184;
v0x5a80d25883d0_185 .array/port v0x5a80d25883d0, 185;
E_0x5a80d25877b0/46 .event anyedge, v0x5a80d25883d0_182, v0x5a80d25883d0_183, v0x5a80d25883d0_184, v0x5a80d25883d0_185;
v0x5a80d25883d0_186 .array/port v0x5a80d25883d0, 186;
v0x5a80d25883d0_187 .array/port v0x5a80d25883d0, 187;
v0x5a80d25883d0_188 .array/port v0x5a80d25883d0, 188;
v0x5a80d25883d0_189 .array/port v0x5a80d25883d0, 189;
E_0x5a80d25877b0/47 .event anyedge, v0x5a80d25883d0_186, v0x5a80d25883d0_187, v0x5a80d25883d0_188, v0x5a80d25883d0_189;
v0x5a80d25883d0_190 .array/port v0x5a80d25883d0, 190;
v0x5a80d25883d0_191 .array/port v0x5a80d25883d0, 191;
v0x5a80d25883d0_192 .array/port v0x5a80d25883d0, 192;
v0x5a80d25883d0_193 .array/port v0x5a80d25883d0, 193;
E_0x5a80d25877b0/48 .event anyedge, v0x5a80d25883d0_190, v0x5a80d25883d0_191, v0x5a80d25883d0_192, v0x5a80d25883d0_193;
v0x5a80d25883d0_194 .array/port v0x5a80d25883d0, 194;
v0x5a80d25883d0_195 .array/port v0x5a80d25883d0, 195;
v0x5a80d25883d0_196 .array/port v0x5a80d25883d0, 196;
v0x5a80d25883d0_197 .array/port v0x5a80d25883d0, 197;
E_0x5a80d25877b0/49 .event anyedge, v0x5a80d25883d0_194, v0x5a80d25883d0_195, v0x5a80d25883d0_196, v0x5a80d25883d0_197;
v0x5a80d25883d0_198 .array/port v0x5a80d25883d0, 198;
v0x5a80d25883d0_199 .array/port v0x5a80d25883d0, 199;
v0x5a80d25883d0_200 .array/port v0x5a80d25883d0, 200;
v0x5a80d25883d0_201 .array/port v0x5a80d25883d0, 201;
E_0x5a80d25877b0/50 .event anyedge, v0x5a80d25883d0_198, v0x5a80d25883d0_199, v0x5a80d25883d0_200, v0x5a80d25883d0_201;
v0x5a80d25883d0_202 .array/port v0x5a80d25883d0, 202;
v0x5a80d25883d0_203 .array/port v0x5a80d25883d0, 203;
v0x5a80d25883d0_204 .array/port v0x5a80d25883d0, 204;
v0x5a80d25883d0_205 .array/port v0x5a80d25883d0, 205;
E_0x5a80d25877b0/51 .event anyedge, v0x5a80d25883d0_202, v0x5a80d25883d0_203, v0x5a80d25883d0_204, v0x5a80d25883d0_205;
v0x5a80d25883d0_206 .array/port v0x5a80d25883d0, 206;
v0x5a80d25883d0_207 .array/port v0x5a80d25883d0, 207;
v0x5a80d25883d0_208 .array/port v0x5a80d25883d0, 208;
v0x5a80d25883d0_209 .array/port v0x5a80d25883d0, 209;
E_0x5a80d25877b0/52 .event anyedge, v0x5a80d25883d0_206, v0x5a80d25883d0_207, v0x5a80d25883d0_208, v0x5a80d25883d0_209;
v0x5a80d25883d0_210 .array/port v0x5a80d25883d0, 210;
v0x5a80d25883d0_211 .array/port v0x5a80d25883d0, 211;
v0x5a80d25883d0_212 .array/port v0x5a80d25883d0, 212;
v0x5a80d25883d0_213 .array/port v0x5a80d25883d0, 213;
E_0x5a80d25877b0/53 .event anyedge, v0x5a80d25883d0_210, v0x5a80d25883d0_211, v0x5a80d25883d0_212, v0x5a80d25883d0_213;
v0x5a80d25883d0_214 .array/port v0x5a80d25883d0, 214;
v0x5a80d25883d0_215 .array/port v0x5a80d25883d0, 215;
v0x5a80d25883d0_216 .array/port v0x5a80d25883d0, 216;
v0x5a80d25883d0_217 .array/port v0x5a80d25883d0, 217;
E_0x5a80d25877b0/54 .event anyedge, v0x5a80d25883d0_214, v0x5a80d25883d0_215, v0x5a80d25883d0_216, v0x5a80d25883d0_217;
v0x5a80d25883d0_218 .array/port v0x5a80d25883d0, 218;
v0x5a80d25883d0_219 .array/port v0x5a80d25883d0, 219;
v0x5a80d25883d0_220 .array/port v0x5a80d25883d0, 220;
v0x5a80d25883d0_221 .array/port v0x5a80d25883d0, 221;
E_0x5a80d25877b0/55 .event anyedge, v0x5a80d25883d0_218, v0x5a80d25883d0_219, v0x5a80d25883d0_220, v0x5a80d25883d0_221;
v0x5a80d25883d0_222 .array/port v0x5a80d25883d0, 222;
v0x5a80d25883d0_223 .array/port v0x5a80d25883d0, 223;
v0x5a80d25883d0_224 .array/port v0x5a80d25883d0, 224;
v0x5a80d25883d0_225 .array/port v0x5a80d25883d0, 225;
E_0x5a80d25877b0/56 .event anyedge, v0x5a80d25883d0_222, v0x5a80d25883d0_223, v0x5a80d25883d0_224, v0x5a80d25883d0_225;
v0x5a80d25883d0_226 .array/port v0x5a80d25883d0, 226;
v0x5a80d25883d0_227 .array/port v0x5a80d25883d0, 227;
v0x5a80d25883d0_228 .array/port v0x5a80d25883d0, 228;
v0x5a80d25883d0_229 .array/port v0x5a80d25883d0, 229;
E_0x5a80d25877b0/57 .event anyedge, v0x5a80d25883d0_226, v0x5a80d25883d0_227, v0x5a80d25883d0_228, v0x5a80d25883d0_229;
v0x5a80d25883d0_230 .array/port v0x5a80d25883d0, 230;
v0x5a80d25883d0_231 .array/port v0x5a80d25883d0, 231;
v0x5a80d25883d0_232 .array/port v0x5a80d25883d0, 232;
v0x5a80d25883d0_233 .array/port v0x5a80d25883d0, 233;
E_0x5a80d25877b0/58 .event anyedge, v0x5a80d25883d0_230, v0x5a80d25883d0_231, v0x5a80d25883d0_232, v0x5a80d25883d0_233;
v0x5a80d25883d0_234 .array/port v0x5a80d25883d0, 234;
v0x5a80d25883d0_235 .array/port v0x5a80d25883d0, 235;
v0x5a80d25883d0_236 .array/port v0x5a80d25883d0, 236;
v0x5a80d25883d0_237 .array/port v0x5a80d25883d0, 237;
E_0x5a80d25877b0/59 .event anyedge, v0x5a80d25883d0_234, v0x5a80d25883d0_235, v0x5a80d25883d0_236, v0x5a80d25883d0_237;
v0x5a80d25883d0_238 .array/port v0x5a80d25883d0, 238;
v0x5a80d25883d0_239 .array/port v0x5a80d25883d0, 239;
v0x5a80d25883d0_240 .array/port v0x5a80d25883d0, 240;
v0x5a80d25883d0_241 .array/port v0x5a80d25883d0, 241;
E_0x5a80d25877b0/60 .event anyedge, v0x5a80d25883d0_238, v0x5a80d25883d0_239, v0x5a80d25883d0_240, v0x5a80d25883d0_241;
v0x5a80d25883d0_242 .array/port v0x5a80d25883d0, 242;
v0x5a80d25883d0_243 .array/port v0x5a80d25883d0, 243;
v0x5a80d25883d0_244 .array/port v0x5a80d25883d0, 244;
v0x5a80d25883d0_245 .array/port v0x5a80d25883d0, 245;
E_0x5a80d25877b0/61 .event anyedge, v0x5a80d25883d0_242, v0x5a80d25883d0_243, v0x5a80d25883d0_244, v0x5a80d25883d0_245;
v0x5a80d25883d0_246 .array/port v0x5a80d25883d0, 246;
v0x5a80d25883d0_247 .array/port v0x5a80d25883d0, 247;
v0x5a80d25883d0_248 .array/port v0x5a80d25883d0, 248;
v0x5a80d25883d0_249 .array/port v0x5a80d25883d0, 249;
E_0x5a80d25877b0/62 .event anyedge, v0x5a80d25883d0_246, v0x5a80d25883d0_247, v0x5a80d25883d0_248, v0x5a80d25883d0_249;
v0x5a80d25883d0_250 .array/port v0x5a80d25883d0, 250;
v0x5a80d25883d0_251 .array/port v0x5a80d25883d0, 251;
v0x5a80d25883d0_252 .array/port v0x5a80d25883d0, 252;
v0x5a80d25883d0_253 .array/port v0x5a80d25883d0, 253;
E_0x5a80d25877b0/63 .event anyedge, v0x5a80d25883d0_250, v0x5a80d25883d0_251, v0x5a80d25883d0_252, v0x5a80d25883d0_253;
v0x5a80d25883d0_254 .array/port v0x5a80d25883d0, 254;
v0x5a80d25883d0_255 .array/port v0x5a80d25883d0, 255;
E_0x5a80d25877b0/64 .event anyedge, v0x5a80d25883d0_254, v0x5a80d25883d0_255;
E_0x5a80d25877b0 .event/or E_0x5a80d25877b0/0, E_0x5a80d25877b0/1, E_0x5a80d25877b0/2, E_0x5a80d25877b0/3, E_0x5a80d25877b0/4, E_0x5a80d25877b0/5, E_0x5a80d25877b0/6, E_0x5a80d25877b0/7, E_0x5a80d25877b0/8, E_0x5a80d25877b0/9, E_0x5a80d25877b0/10, E_0x5a80d25877b0/11, E_0x5a80d25877b0/12, E_0x5a80d25877b0/13, E_0x5a80d25877b0/14, E_0x5a80d25877b0/15, E_0x5a80d25877b0/16, E_0x5a80d25877b0/17, E_0x5a80d25877b0/18, E_0x5a80d25877b0/19, E_0x5a80d25877b0/20, E_0x5a80d25877b0/21, E_0x5a80d25877b0/22, E_0x5a80d25877b0/23, E_0x5a80d25877b0/24, E_0x5a80d25877b0/25, E_0x5a80d25877b0/26, E_0x5a80d25877b0/27, E_0x5a80d25877b0/28, E_0x5a80d25877b0/29, E_0x5a80d25877b0/30, E_0x5a80d25877b0/31, E_0x5a80d25877b0/32, E_0x5a80d25877b0/33, E_0x5a80d25877b0/34, E_0x5a80d25877b0/35, E_0x5a80d25877b0/36, E_0x5a80d25877b0/37, E_0x5a80d25877b0/38, E_0x5a80d25877b0/39, E_0x5a80d25877b0/40, E_0x5a80d25877b0/41, E_0x5a80d25877b0/42, E_0x5a80d25877b0/43, E_0x5a80d25877b0/44, E_0x5a80d25877b0/45, E_0x5a80d25877b0/46, E_0x5a80d25877b0/47, E_0x5a80d25877b0/48, E_0x5a80d25877b0/49, E_0x5a80d25877b0/50, E_0x5a80d25877b0/51, E_0x5a80d25877b0/52, E_0x5a80d25877b0/53, E_0x5a80d25877b0/54, E_0x5a80d25877b0/55, E_0x5a80d25877b0/56, E_0x5a80d25877b0/57, E_0x5a80d25877b0/58, E_0x5a80d25877b0/59, E_0x5a80d25877b0/60, E_0x5a80d25877b0/61, E_0x5a80d25877b0/62, E_0x5a80d25877b0/63, E_0x5a80d25877b0/64;
E_0x5a80d2588030 .event posedge, v0x5a80d2581480_0;
L_0x5a80d259db00 .part v0x5a80d25845a0_0, 2, 8;
S_0x5a80d258b0e0 .scope module, "WB" "WB_stage" 3 79, 14 1 0, S_0x5a80d2547b00;
 .timescale -9 -12;
    .port_info 0 /INPUT 32 "ALU_result";
    .port_info 1 /INPUT 32 "mem_data";
    .port_info 2 /INPUT 1 "mem_to_reg";
    .port_info 3 /OUTPUT 32 "rd_w_data";
v0x5a80d258b350_0 .net "ALU_result", 31 0, v0x5a80d25845a0_0;  alias, 1 drivers
v0x5a80d258b430_0 .net "mem_data", 31 0, v0x5a80d258ac80_0;  alias, 1 drivers
v0x5a80d258b4f0_0 .net "mem_to_reg", 0 0, v0x5a80d257fde0_0;  alias, 1 drivers
v0x5a80d258b5e0_0 .var "rd_w_data", 31 0;
E_0x5a80d2585dd0 .event anyedge, v0x5a80d257fde0_0, v0x5a80d258ac80_0, v0x5a80d25845a0_0;
    .scope S_0x5a80d2586740;
T_0 ;
    %wait E_0x5a80d25699d0;
    %load/vec4 v0x5a80d2586d40_0;
    %flag_set/vec4 8;
    %jmp/0xz  T_0.0, 8;
    %pushi/vec4 0, 0, 32;
    %assign/vec4 v0x5a80d2586b60_0, 0;
    %jmp T_0.1;
T_0.0 ;
    %load/vec4 v0x5a80d2586ac0_0;
    %dup/vec4;
    %pushi/vec4 0, 0, 1;
    %cmp/u;
    %jmp/1 T_0.2, 6;
    %dup/vec4;
    %pushi/vec4 1, 0, 1;
    %cmp/u;
    %jmp/1 T_0.3, 6;
    %load/vec4 v0x5a80d2586b60_0;
    %assign/vec4 v0x5a80d2586b60_0, 0;
    %jmp T_0.5;
T_0.2 ;
    %load/vec4 v0x5a80d2586b60_0;
    %addi 4, 0, 32;
    %assign/vec4 v0x5a80d2586b60_0, 0;
    %jmp T_0.5;
T_0.3 ;
    %load/vec4 v0x5a80d2586a00_0;
    %assign/vec4 v0x5a80d2586b60_0, 0;
    %jmp T_0.5;
T_0.5 ;
    %pop/vec4 1;
T_0.1 ;
    %jmp T_0;
    .thread T_0;
    .scope S_0x5a80d2581030;
T_1 ;
    %wait E_0x5a80d25699d0;
    %load/vec4 v0x5a80d2582070_0;
    %flag_set/vec4 8;
    %jmp/0xz  T_1.0, 8;
    %pushi/vec4 0, 0, 32;
    %store/vec4 v0x5a80d2581540_0, 0, 32;
T_1.2 ;
    %load/vec4 v0x5a80d2581540_0;
    %cmpi/s 32, 0, 32;
    %jmp/0xz T_1.3, 5;
    %pushi/vec4 0, 0, 32;
    %ix/getv/s 3, v0x5a80d2581540_0;
    %ix/load 4, 0, 0; Constant delay
    %assign/vec4/a/d v0x5a80d2581620, 0, 4;
    %load/vec4 v0x5a80d2581540_0;
    %addi 1, 0, 32;
    %store/vec4 v0x5a80d2581540_0, 0, 32;
    %jmp T_1.2;
T_1.3 ;
    %jmp T_1.1;
T_1.0 ;
    %load/vec4 v0x5a80d2581c90_0;
    %pad/u 32;
    %cmpi/e 1, 0, 32;
    %flag_get/vec4 4;
    %jmp/0 T_1.6, 4;
    %load/vec4 v0x5a80d2581ac0_0;
    %pad/u 32;
    %pushi/vec4 0, 0, 32;
    %cmp/ne;
    %flag_get/vec4 4;
    %and;
T_1.6;
    %flag_set/vec4 8;
    %jmp/0xz  T_1.4, 8;
    %load/vec4 v0x5a80d2581b80_0;
    %load/vec4 v0x5a80d2581ac0_0;
    %pad/u 7;
    %ix/vec4 3;
    %ix/load 4, 0, 0; Constant delay
    %assign/vec4/a/d v0x5a80d2581620, 0, 4;
T_1.4 ;
T_1.1 ;
    %jmp T_1;
    .thread T_1;
    .scope S_0x5a80d2581030;
T_2 ;
    %wait E_0x5a80d2567440;
    %load/vec4 v0x5a80d2581d30_0;
    %pad/u 32;
    %cmpi/e 0, 0, 32;
    %flag_mov 8, 4;
    %jmp/0 T_2.0, 8;
    %pushi/vec4 0, 0, 32;
    %jmp/1 T_2.1, 8;
T_2.0 ; End of true expr.
    %load/vec4 v0x5a80d2581d30_0;
    %pad/u 7;
    %ix/vec4 4;
    %load/vec4a v0x5a80d2581620, 4;
    %jmp/0 T_2.1, 8;
 ; End of false expr.
    %blend;
T_2.1;
    %store/vec4 v0x5a80d2581e00_0, 0, 32;
    %load/vec4 v0x5a80d2581ec0_0;
    %pad/u 32;
    %cmpi/e 0, 0, 32;
    %flag_mov 8, 4;
    %jmp/0 T_2.2, 8;
    %pushi/vec4 0, 0, 32;
    %jmp/1 T_2.3, 8;
T_2.2 ; End of true expr.
    %load/vec4 v0x5a80d2581ec0_0;
    %pad/u 7;
    %ix/vec4 4;
    %load/vec4a v0x5a80d2581620, 4;
    %jmp/0 T_2.3, 8;
 ; End of false expr.
    %blend;
T_2.3;
    %store/vec4 v0x5a80d2581fb0_0, 0, 32;
    %pushi/vec4 0, 0, 32;
    %ix/load 4, 0, 0;
    %flag_set/imm 4, 0;
    %store/vec4a v0x5a80d2581620, 4, 0;
    %jmp T_2;
    .thread T_2, $push;
    .scope S_0x5a80d25265d0;
T_3 ;
    %wait E_0x5a80d2569730;
    %pushi/vec4 0, 0, 1;
    %store/vec4 v0x5a80d2580120_0, 0, 1;
    %pushi/vec4 0, 0, 1;
    %store/vec4 v0x5a80d25468c0_0, 0, 1;
    %pushi/vec4 0, 0, 4;
    %store/vec4 v0x5a80d25467c0_0, 0, 4;
    %pushi/vec4 0, 0, 1;
    %store/vec4 v0x5a80d257fd20_0, 0, 1;
    %pushi/vec4 0, 0, 1;
    %store/vec4 v0x5a80d257fea0_0, 0, 1;
    %pushi/vec4 0, 0, 1;
    %store/vec4 v0x5a80d257fde0_0, 0, 1;
    %pushi/vec4 0, 0, 1;
    %store/vec4 v0x5a80d257f810_0, 0, 1;
    %pushi/vec4 0, 0, 1;
    %store/vec4 v0x5a80d257fba0_0, 0, 1;
    %pushi/vec4 0, 0, 1;
    %store/vec4 v0x5a80d257fc60_0, 0, 1;
    %load/vec4 v0x5a80d257ff60_0;
    %dup/vec4;
    %pushi/vec4 51, 0, 7;
    %cmp/u;
    %jmp/1 T_3.0, 6;
    %dup/vec4;
    %pushi/vec4 19, 0, 7;
    %cmp/u;
    %jmp/1 T_3.1, 6;
    %dup/vec4;
    %pushi/vec4 3, 0, 7;
    %cmp/u;
    %jmp/1 T_3.2, 6;
    %dup/vec4;
    %pushi/vec4 35, 0, 7;
    %cmp/u;
    %jmp/1 T_3.3, 6;
    %dup/vec4;
    %pushi/vec4 99, 0, 7;
    %cmp/u;
    %jmp/1 T_3.4, 6;
    %dup/vec4;
    %pushi/vec4 111, 0, 7;
    %cmp/u;
    %jmp/1 T_3.5, 6;
    %dup/vec4;
    %pushi/vec4 103, 0, 7;
    %cmp/u;
    %jmp/1 T_3.6, 6;
    %dup/vec4;
    %pushi/vec4 55, 0, 7;
    %cmp/u;
    %jmp/1 T_3.7, 6;
    %dup/vec4;
    %pushi/vec4 23, 0, 7;
    %cmp/u;
    %jmp/1 T_3.8, 6;
    %jmp T_3.9;
T_3.0 ;
    %pushi/vec4 1, 0, 1;
    %store/vec4 v0x5a80d2580120_0, 0, 1;
    %load/vec4 v0x5a80d257f8b0_0;
    %dup/vec4;
    %pushi/vec4 0, 0, 3;
    %cmp/u;
    %jmp/1 T_3.10, 6;
    %dup/vec4;
    %pushi/vec4 7, 0, 3;
    %cmp/u;
    %jmp/1 T_3.11, 6;
    %dup/vec4;
    %pushi/vec4 6, 0, 3;
    %cmp/u;
    %jmp/1 T_3.12, 6;
    %dup/vec4;
    %pushi/vec4 4, 0, 3;
    %cmp/u;
    %jmp/1 T_3.13, 6;
    %dup/vec4;
    %pushi/vec4 1, 0, 3;
    %cmp/u;
    %jmp/1 T_3.14, 6;
    %dup/vec4;
    %pushi/vec4 5, 0, 3;
    %cmp/u;
    %jmp/1 T_3.15, 6;
    %dup/vec4;
    %pushi/vec4 2, 0, 3;
    %cmp/u;
    %jmp/1 T_3.16, 6;
    %dup/vec4;
    %pushi/vec4 3, 0, 3;
    %cmp/u;
    %jmp/1 T_3.17, 6;
    %pushi/vec4 0, 0, 4;
    %store/vec4 v0x5a80d25467c0_0, 0, 4;
    %jmp T_3.19;
T_3.10 ;
    %load/vec4 v0x5a80d257f990_0;
    %cmpi/e 32, 0, 7;
    %jmp/0xz  T_3.20, 4;
    %pushi/vec4 1, 0, 4;
    %store/vec4 v0x5a80d25467c0_0, 0, 4;
    %jmp T_3.21;
T_3.20 ;
    %pushi/vec4 0, 0, 4;
    %store/vec4 v0x5a80d25467c0_0, 0, 4;
T_3.21 ;
    %jmp T_3.19;
T_3.11 ;
    %pushi/vec4 2, 0, 4;
    %store/vec4 v0x5a80d25467c0_0, 0, 4;
    %jmp T_3.19;
T_3.12 ;
    %pushi/vec4 3, 0, 4;
    %store/vec4 v0x5a80d25467c0_0, 0, 4;
    %jmp T_3.19;
T_3.13 ;
    %pushi/vec4 4, 0, 4;
    %store/vec4 v0x5a80d25467c0_0, 0, 4;
    %jmp T_3.19;
T_3.14 ;
    %pushi/vec4 7, 0, 4;
    %store/vec4 v0x5a80d25467c0_0, 0, 4;
    %jmp T_3.19;
T_3.15 ;
    %load/vec4 v0x5a80d257f990_0;
    %cmpi/e 32, 0, 7;
    %jmp/0xz  T_3.22, 4;
    %pushi/vec4 9, 0, 4;
    %store/vec4 v0x5a80d25467c0_0, 0, 4;
    %jmp T_3.23;
T_3.22 ;
    %pushi/vec4 8, 0, 4;
    %store/vec4 v0x5a80d25467c0_0, 0, 4;
T_3.23 ;
    %jmp T_3.19;
T_3.16 ;
    %pushi/vec4 6, 0, 4;
    %store/vec4 v0x5a80d25467c0_0, 0, 4;
    %jmp T_3.19;
T_3.17 ;
    %pushi/vec4 5, 0, 4;
    %store/vec4 v0x5a80d25467c0_0, 0, 4;
    %jmp T_3.19;
T_3.19 ;
    %pop/vec4 1;
    %jmp T_3.9;
T_3.1 ;
    %pushi/vec4 1, 0, 1;
    %store/vec4 v0x5a80d2580120_0, 0, 1;
    %pushi/vec4 1, 0, 1;
    %store/vec4 v0x5a80d25468c0_0, 0, 1;
    %jmp T_3.9;
T_3.2 ;
    %pushi/vec4 1, 0, 1;
    %store/vec4 v0x5a80d2580120_0, 0, 1;
    %pushi/vec4 1, 0, 1;
    %store/vec4 v0x5a80d25468c0_0, 0, 1;
    %pushi/vec4 1, 0, 1;
    %store/vec4 v0x5a80d257fd20_0, 0, 1;
    %pushi/vec4 1, 0, 1;
    %store/vec4 v0x5a80d257fde0_0, 0, 1;
    %jmp T_3.9;
T_3.3 ;
    %pushi/vec4 1, 0, 1;
    %store/vec4 v0x5a80d25468c0_0, 0, 1;
    %pushi/vec4 1, 0, 1;
    %store/vec4 v0x5a80d257fea0_0, 0, 1;
    %jmp T_3.9;
T_3.4 ;
    %pushi/vec4 1, 0, 1;
    %store/vec4 v0x5a80d257f810_0, 0, 1;
    %jmp T_3.9;
T_3.5 ;
    %pushi/vec4 1, 0, 1;
    %store/vec4 v0x5a80d2580120_0, 0, 1;
    %pushi/vec4 1, 0, 1;
    %store/vec4 v0x5a80d25468c0_0, 0, 1;
    %pushi/vec4 1, 0, 1;
    %store/vec4 v0x5a80d257fba0_0, 0, 1;
    %jmp T_3.9;
T_3.6 ;
    %pushi/vec4 1, 0, 1;
    %store/vec4 v0x5a80d2580120_0, 0, 1;
    %pushi/vec4 1, 0, 1;
    %store/vec4 v0x5a80d25468c0_0, 0, 1;
    %pushi/vec4 1, 0, 1;
    %store/vec4 v0x5a80d257fc60_0, 0, 1;
    %jmp T_3.9;
T_3.7 ;
    %pushi/vec4 1, 0, 1;
    %store/vec4 v0x5a80d2580120_0, 0, 1;
    %pushi/vec4 1, 0, 1;
    %store/vec4 v0x5a80d25468c0_0, 0, 1;
    %jmp T_3.9;
T_3.8 ;
    %pushi/vec4 1, 0, 1;
    %store/vec4 v0x5a80d2580120_0, 0, 1;
    %pushi/vec4 1, 0, 1;
    %store/vec4 v0x5a80d25468c0_0, 0, 1;
    %jmp T_3.9;
T_3.9 ;
    %pop/vec4 1;
    %jmp T_3;
    .thread T_3, $push;
    .scope S_0x5a80d2580540;
T_4 ;
    %wait E_0x5a80d2569c70;
    %pushi/vec4 0, 0, 32;
    %store/vec4 v0x5a80d2580d70_0, 0, 32;
    %load/vec4 v0x5a80d2580e70_0;
    %dup/vec4;
    %pushi/vec4 19, 0, 7;
    %cmp/u;
    %jmp/1 T_4.0, 6;
    %dup/vec4;
    %pushi/vec4 3, 0, 7;
    %cmp/u;
    %jmp/1 T_4.1, 6;
    %dup/vec4;
    %pushi/vec4 103, 0, 7;
    %cmp/u;
    %jmp/1 T_4.2, 6;
    %dup/vec4;
    %pushi/vec4 35, 0, 7;
    %cmp/u;
    %jmp/1 T_4.3, 6;
    %dup/vec4;
    %pushi/vec4 99, 0, 7;
    %cmp/u;
    %jmp/1 T_4.4, 6;
    %dup/vec4;
    %pushi/vec4 55, 0, 7;
    %cmp/u;
    %jmp/1 T_4.5, 6;
    %dup/vec4;
    %pushi/vec4 23, 0, 7;
    %cmp/u;
    %jmp/1 T_4.6, 6;
    %dup/vec4;
    %pushi/vec4 111, 0, 7;
    %cmp/u;
    %jmp/1 T_4.7, 6;
    %pushi/vec4 0, 0, 32;
    %store/vec4 v0x5a80d2580d70_0, 0, 32;
    %jmp T_4.9;
T_4.0 ;
    %load/vec4 v0x5a80d2580f50_0;
    %parti/s 12, 20, 6;
    %ix/load 4, 0, 0;
    %flag_set/imm 4, 0;
    %store/vec4 v0x5a80d2580d70_0, 4, 12;
    %load/vec4 v0x5a80d2580f50_0;
    %parti/s 1, 31, 6;
    %replicate 20;
    %ix/load 4, 12, 0;
    %flag_set/imm 4, 0;
    %store/vec4 v0x5a80d2580d70_0, 4, 20;
    %jmp T_4.9;
T_4.1 ;
    %load/vec4 v0x5a80d2580f50_0;
    %parti/s 12, 20, 6;
    %ix/load 4, 0, 0;
    %flag_set/imm 4, 0;
    %store/vec4 v0x5a80d2580d70_0, 4, 12;
    %load/vec4 v0x5a80d2580f50_0;
    %parti/s 1, 31, 6;
    %replicate 20;
    %ix/load 4, 12, 0;
    %flag_set/imm 4, 0;
    %store/vec4 v0x5a80d2580d70_0, 4, 20;
    %jmp T_4.9;
T_4.2 ;
    %load/vec4 v0x5a80d2580f50_0;
    %parti/s 12, 20, 6;
    %ix/load 4, 0, 0;
    %flag_set/imm 4, 0;
    %store/vec4 v0x5a80d2580d70_0, 4, 12;
    %load/vec4 v0x5a80d2580f50_0;
    %parti/s 1, 31, 6;
    %replicate 20;
    %ix/load 4, 12, 0;
    %flag_set/imm 4, 0;
    %store/vec4 v0x5a80d2580d70_0, 4, 20;
    %jmp T_4.9;
T_4.3 ;
    %load/vec4 v0x5a80d2580f50_0;
    %parti/s 7, 25, 6;
    %ix/load 4, 5, 0;
    %flag_set/imm 4, 0;
    %store/vec4 v0x5a80d2580d70_0, 4, 7;
    %load/vec4 v0x5a80d2580f50_0;
    %parti/s 5, 7, 4;
    %ix/load 4, 0, 0;
    %flag_set/imm 4, 0;
    %store/vec4 v0x5a80d2580d70_0, 4, 5;
    %load/vec4 v0x5a80d2580f50_0;
    %parti/s 1, 31, 6;
    %replicate 20;
    %ix/load 4, 12, 0;
    %flag_set/imm 4, 0;
    %store/vec4 v0x5a80d2580d70_0, 4, 20;
    %jmp T_4.9;
T_4.4 ;
    %load/vec4 v0x5a80d2580f50_0;
    %parti/s 1, 31, 6;
    %ix/load 4, 12, 0;
    %flag_set/imm 4, 0;
    %store/vec4 v0x5a80d2580d70_0, 4, 1;
    %load/vec4 v0x5a80d2580f50_0;
    %parti/s 6, 25, 6;
    %ix/load 4, 5, 0;
    %flag_set/imm 4, 0;
    %store/vec4 v0x5a80d2580d70_0, 4, 6;
    %load/vec4 v0x5a80d2580f50_0;
    %parti/s 4, 8, 5;
    %ix/load 4, 1, 0;
    %flag_set/imm 4, 0;
    %store/vec4 v0x5a80d2580d70_0, 4, 4;
    %load/vec4 v0x5a80d2580f50_0;
    %parti/s 1, 7, 4;
    %ix/load 4, 11, 0;
    %flag_set/imm 4, 0;
    %store/vec4 v0x5a80d2580d70_0, 4, 1;
    %load/vec4 v0x5a80d2580f50_0;
    %parti/s 1, 31, 6;
    %replicate 19;
    %ix/load 4, 13, 0;
    %flag_set/imm 4, 0;
    %store/vec4 v0x5a80d2580d70_0, 4, 19;
    %load/vec4 v0x5a80d2580d70_0;
    %ix/load 4, 1, 0;
    %flag_set/imm 4, 0;
    %shiftl 4;
    %store/vec4 v0x5a80d2580d70_0, 0, 32;
    %jmp T_4.9;
T_4.5 ;
    %load/vec4 v0x5a80d2580f50_0;
    %parti/s 20, 12, 5;
    %ix/load 4, 12, 0;
    %flag_set/imm 4, 0;
    %store/vec4 v0x5a80d2580d70_0, 4, 20;
    %jmp T_4.9;
T_4.6 ;
    %load/vec4 v0x5a80d2580f50_0;
    %parti/s 20, 12, 5;
    %ix/load 4, 12, 0;
    %flag_set/imm 4, 0;
    %store/vec4 v0x5a80d2580d70_0, 4, 20;
    %jmp T_4.9;
T_4.7 ;
    %load/vec4 v0x5a80d2580f50_0;
    %parti/s 1, 31, 6;
    %ix/load 4, 20, 0;
    %flag_set/imm 4, 0;
    %store/vec4 v0x5a80d2580d70_0, 4, 1;
    %load/vec4 v0x5a80d2580f50_0;
    %parti/s 10, 21, 6;
    %ix/load 4, 1, 0;
    %flag_set/imm 4, 0;
    %store/vec4 v0x5a80d2580d70_0, 4, 10;
    %load/vec4 v0x5a80d2580f50_0;
    %parti/s 1, 20, 6;
    %ix/load 4, 11, 0;
    %flag_set/imm 4, 0;
    %store/vec4 v0x5a80d2580d70_0, 4, 1;
    %load/vec4 v0x5a80d2580f50_0;
    %parti/s 8, 12, 5;
    %ix/load 4, 12, 0;
    %flag_set/imm 4, 0;
    %store/vec4 v0x5a80d2580d70_0, 4, 8;
    %load/vec4 v0x5a80d2580f50_0;
    %parti/s 1, 31, 6;
    %replicate 11;
    %ix/load 4, 21, 0;
    %flag_set/imm 4, 0;
    %store/vec4 v0x5a80d2580d70_0, 4, 11;
    %jmp T_4.9;
T_4.9 ;
    %pop/vec4 1;
    %jmp T_4;
    .thread T_4, $push;
    .scope S_0x5a80d2583820;
T_5 ;
    %wait E_0x5a80d2584160;
    %load/vec4 v0x5a80d25841c0_0;
    %dup/vec4;
    %pushi/vec4 0, 0, 4;
    %cmp/u;
    %jmp/1 T_5.0, 6;
    %dup/vec4;
    %pushi/vec4 1, 0, 4;
    %cmp/u;
    %jmp/1 T_5.1, 6;
    %dup/vec4;
    %pushi/vec4 2, 0, 4;
    %cmp/u;
    %jmp/1 T_5.2, 6;
    %dup/vec4;
    %pushi/vec4 3, 0, 4;
    %cmp/u;
    %jmp/1 T_5.3, 6;
    %dup/vec4;
    %pushi/vec4 4, 0, 4;
    %cmp/u;
    %jmp/1 T_5.4, 6;
    %dup/vec4;
    %pushi/vec4 6, 0, 4;
    %cmp/u;
    %jmp/1 T_5.5, 6;
    %dup/vec4;
    %pushi/vec4 5, 0, 4;
    %cmp/u;
    %jmp/1 T_5.6, 6;
    %dup/vec4;
    %pushi/vec4 7, 0, 4;
    %cmp/u;
    %jmp/1 T_5.7, 6;
    %dup/vec4;
    %pushi/vec4 8, 0, 4;
    %cmp/u;
    %jmp/1 T_5.8, 6;
    %dup/vec4;
    %pushi/vec4 9, 0, 4;
    %cmp/u;
    %jmp/1 T_5.9, 6;
    %pushi/vec4 0, 0, 32;
    %store/vec4 v0x5a80d25845a0_0, 0, 32;
    %jmp T_5.11;
T_5.0 ;
    %load/vec4 v0x5a80d25843d0_0;
    %load/vec4 v0x5a80d25844c0_0;
    %add;
    %store/vec4 v0x5a80d25845a0_0, 0, 32;
    %jmp T_5.11;
T_5.1 ;
    %load/vec4 v0x5a80d25843d0_0;
    %load/vec4 v0x5a80d25844c0_0;
    %sub;
    %store/vec4 v0x5a80d25845a0_0, 0, 32;
    %jmp T_5.11;
T_5.2 ;
    %load/vec4 v0x5a80d25843d0_0;
    %load/vec4 v0x5a80d25844c0_0;
    %and;
    %store/vec4 v0x5a80d25845a0_0, 0, 32;
    %jmp T_5.11;
T_5.3 ;
    %load/vec4 v0x5a80d25843d0_0;
    %load/vec4 v0x5a80d25844c0_0;
    %or;
    %store/vec4 v0x5a80d25845a0_0, 0, 32;
    %jmp T_5.11;
T_5.4 ;
    %load/vec4 v0x5a80d25843d0_0;
    %load/vec4 v0x5a80d25844c0_0;
    %xor;
    %store/vec4 v0x5a80d25845a0_0, 0, 32;
    %jmp T_5.11;
T_5.5 ;
    %load/vec4 v0x5a80d25843d0_0;
    %load/vec4 v0x5a80d25844c0_0;
    %cmp/s;
    %flag_mov 8, 5;
    %jmp/0 T_5.12, 8;
    %pushi/vec4 1, 0, 32;
    %jmp/1 T_5.13, 8;
T_5.12 ; End of true expr.
    %pushi/vec4 0, 0, 32;
    %jmp/0 T_5.13, 8;
 ; End of false expr.
    %blend;
T_5.13;
    %store/vec4 v0x5a80d25845a0_0, 0, 32;
    %jmp T_5.11;
T_5.6 ;
    %load/vec4 v0x5a80d25843d0_0;
    %load/vec4 v0x5a80d25844c0_0;
    %cmp/u;
    %flag_mov 8, 5;
    %jmp/0 T_5.14, 8;
    %pushi/vec4 1, 0, 32;
    %jmp/1 T_5.15, 8;
T_5.14 ; End of true expr.
    %pushi/vec4 0, 0, 32;
    %jmp/0 T_5.15, 8;
 ; End of false expr.
    %blend;
T_5.15;
    %store/vec4 v0x5a80d25845a0_0, 0, 32;
    %jmp T_5.11;
T_5.7 ;
    %load/vec4 v0x5a80d25843d0_0;
    %load/vec4 v0x5a80d25844c0_0;
    %parti/s 5, 0, 2;
    %ix/vec4 4;
    %shiftl 4;
    %store/vec4 v0x5a80d25845a0_0, 0, 32;
    %jmp T_5.11;
T_5.8 ;
    %load/vec4 v0x5a80d25843d0_0;
    %load/vec4 v0x5a80d25844c0_0;
    %parti/s 5, 0, 2;
    %ix/vec4 4;
    %shiftr 4;
    %store/vec4 v0x5a80d25845a0_0, 0, 32;
    %jmp T_5.11;
T_5.9 ;
    %load/vec4 v0x5a80d25843d0_0;
    %load/vec4 v0x5a80d25844c0_0;
    %parti/s 5, 0, 2;
    %ix/vec4 4;
    %shiftr/s 4;
    %store/vec4 v0x5a80d25845a0_0, 0, 32;
    %jmp T_5.11;
T_5.11 ;
    %pop/vec4 1;
    %jmp T_5;
    .thread T_5, $push;
    .scope S_0x5a80d25833f0;
T_6 ;
    %wait E_0x5a80d25837c0;
    %load/vec4 v0x5a80d2585170_0;
    %dup/vec4;
    %pushi/vec4 1, 0, 1;
    %cmp/u;
    %jmp/1 T_6.0, 6;
    %dup/vec4;
    %pushi/vec4 0, 0, 1;
    %cmp/u;
    %jmp/1 T_6.1, 6;
    %jmp T_6.2;
T_6.0 ;
    %load/vec4 v0x5a80d2585300_0;
    %store/vec4 v0x5a80d25859b0_0, 0, 32;
    %jmp T_6.2;
T_6.1 ;
    %load/vec4 v0x5a80d25857c0_0;
    %store/vec4 v0x5a80d25859b0_0, 0, 32;
    %jmp T_6.2;
T_6.2 ;
    %pop/vec4 1;
    %jmp T_6;
    .thread T_6, $push;
    .scope S_0x5a80d25833f0;
T_7 ;
    %wait E_0x5a80d2583730;
    %pushi/vec4 0, 0, 1;
    %store/vec4 v0x5a80d2584990_0, 0, 1;
    %load/vec4 v0x5a80d2584e10_0;
    %store/vec4 v0x5a80d2584ef0_0, 0, 32;
    %load/vec4 v0x5a80d2585500_0;
    %flag_set/vec4 8;
    %jmp/0xz  T_7.0, 8;
    %load/vec4 v0x5a80d2584c50_0;
    %store/vec4 v0x5a80d2584ef0_0, 0, 32;
    %pushi/vec4 1, 0, 1;
    %store/vec4 v0x5a80d2584990_0, 0, 1;
    %jmp T_7.1;
T_7.0 ;
    %load/vec4 v0x5a80d2585410_0;
    %flag_set/vec4 8;
    %jmp/0xz  T_7.2, 8;
    %load/vec4 v0x5a80d2584b20_0;
    %store/vec4 v0x5a80d2584ef0_0, 0, 32;
    %pushi/vec4 1, 0, 1;
    %store/vec4 v0x5a80d2584990_0, 0, 1;
    %jmp T_7.3;
T_7.2 ;
    %load/vec4 v0x5a80d2585210_0;
    %flag_set/vec4 9;
    %flag_get/vec4 9;
    %jmp/0 T_7.6, 9;
    %load/vec4 v0x5a80d2584830_0;
    %and;
T_7.6;
    %flag_set/vec4 8;
    %jmp/0xz  T_7.4, 8;
    %load/vec4 v0x5a80d2584a60_0;
    %store/vec4 v0x5a80d2584ef0_0, 0, 32;
    %pushi/vec4 1, 0, 1;
    %store/vec4 v0x5a80d2584990_0, 0, 1;
T_7.4 ;
T_7.3 ;
T_7.1 ;
    %jmp T_7;
    .thread T_7, $push;
    .scope S_0x5a80d2587530;
T_8 ;
    %wait E_0x5a80d2588030;
    %load/vec4 v0x5a80d258ae50_0;
    %flag_set/vec4 8;
    %jmp/0xz  T_8.0, 8;
    %load/vec4 v0x5a80d258af40_0;
    %load/vec4 v0x5a80d25881c0_0;
    %pad/u 10;
    %ix/vec4 3;
    %ix/load 4, 0, 0; Constant delay
    %assign/vec4/a/d v0x5a80d25883d0, 0, 4;
T_8.0 ;
    %jmp T_8;
    .thread T_8;
    .scope S_0x5a80d2587530;
T_9 ;
    %wait E_0x5a80d25877b0;
    %load/vec4 v0x5a80d258ad60_0;
    %flag_set/vec4 8;
    %jmp/0xz  T_9.0, 8;
    %load/vec4 v0x5a80d25881c0_0;
    %pad/u 10;
    %ix/vec4 4;
    %load/vec4a v0x5a80d25883d0, 4;
    %store/vec4 v0x5a80d258ac80_0, 0, 32;
    %jmp T_9.1;
T_9.0 ;
    %pushi/vec4 0, 0, 32;
    %store/vec4 v0x5a80d258ac80_0, 0, 32;
T_9.1 ;
    %jmp T_9;
    .thread T_9, $push;
    .scope S_0x5a80d258b0e0;
T_10 ;
    %wait E_0x5a80d2585dd0;
    %load/vec4 v0x5a80d258b4f0_0;
    %flag_set/vec4 8;
    %jmp/0xz  T_10.0, 8;
    %load/vec4 v0x5a80d258b430_0;
    %store/vec4 v0x5a80d258b5e0_0, 0, 32;
    %jmp T_10.1;
T_10.0 ;
    %load/vec4 v0x5a80d258b350_0;
    %store/vec4 v0x5a80d258b5e0_0, 0, 32;
T_10.1 ;
    %jmp T_10;
    .thread T_10, $push;
    .scope S_0x5a80d25584a0;
T_11 ;
    %pushi/vec4 0, 0, 1;
    %store/vec4 v0x5a80d258ca90_0, 0, 1;
    %end;
    .thread T_11;
    .scope S_0x5a80d25584a0;
T_12 ;
    %delay 20000, 0;
    %load/vec4 v0x5a80d258ca90_0;
    %inv;
    %store/vec4 v0x5a80d258ca90_0, 0, 1;
    %jmp T_12;
    .thread T_12;
    .scope S_0x5a80d25584a0;
T_13 ;
    %vpi_call 2 30 "$dumpfile", "CPU_waveform.vcd" {0 0 0};
    %vpi_call 2 31 "$dumpvars", 32'sb00000000000000000000000000000000, S_0x5a80d25584a0 {0 0 0};
    %pushi/vec4 1, 0, 1;
    %store/vec4 v0x5a80d258cb30_0, 0, 1;
    %delay 20000, 0;
    %pushi/vec4 10485907, 0, 32;
    %ix/load 4, 0, 0;
    %flag_set/imm 4, 0;
    %store/vec4a v0x5a80d2586620, 4, 0;
    %pushi/vec4 3146003, 0, 32;
    %ix/load 4, 1, 0;
    %flag_set/imm 4, 0;
    %store/vec4a v0x5a80d2586620, 4, 0;
    %pushi/vec4 2130355, 0, 32;
    %ix/load 4, 2, 0;
    %flag_set/imm 4, 0;
    %store/vec4a v0x5a80d2586620, 4, 0;
    %pushi/vec4 1075872307, 0, 32;
    %ix/load 4, 3, 0;
    %flag_set/imm 4, 0;
    %store/vec4a v0x5a80d2586620, 4, 0;
    %pushi/vec4 2159283, 0, 32;
    %ix/load 4, 4, 0;
    %flag_set/imm 4, 0;
    %store/vec4a v0x5a80d2586620, 4, 0;
    %pushi/vec4 2155315, 0, 32;
    %ix/load 4, 5, 0;
    %flag_set/imm 4, 0;
    %store/vec4a v0x5a80d2586620, 4, 0;
    %pushi/vec4 2147251, 0, 32;
    %ix/load 4, 6, 0;
    %flag_set/imm 4, 0;
    %store/vec4a v0x5a80d2586620, 4, 0;
    %delay 20000, 0;
    %pushi/vec4 0, 0, 1;
    %store/vec4 v0x5a80d258cb30_0, 0, 1;
    %delay 300000, 0;
    %vpi_call 2 48 "$finish" {0 0 0};
    %end;
    .thread T_13;
# The file index is used to find the file name in the following table.
:file_names 15;
    "N/A";
    "<interactive>";
    "tb/tb_CPU_top.v";
    "./rtl/CPU_top.v";
    "./rtl/ID_stage.v";
    "./rtl/decoder_stage.v";
    "./rtl/ImmediateGenerator.v";
    "./rtl/Reg32x32.v";
    "./rtl/EX_stage.v";
    "./rtl/ALU.v";
    "./rtl/fetch_stage.v";
    "./rtl/Instruction_mem.v";
    "./rtl/PC.v";
    "./rtl/MEM_stage.v";
    "./rtl/WB_stage.v";
