#! /usr/bin/vvp
:ivl_version "12.0 (stable)";
:ivl_delay_selection "TYPICAL";
:vpi_time_precision - 12;
:vpi_module "/usr/lib/x86_64-linux-gnu/ivl/system.vpi";
:vpi_module "/usr/lib/x86_64-linux-gnu/ivl/vhdl_sys.vpi";
:vpi_module "/usr/lib/x86_64-linux-gnu/ivl/vhdl_textio.vpi";
:vpi_module "/usr/lib/x86_64-linux-gnu/ivl/v2005_math.vpi";
:vpi_module "/usr/lib/x86_64-linux-gnu/ivl/va_math.vpi";
S_0x581c65f04a10 .scope module, "tb_fetch_stage" "tb_fetch_stage" 2 6;
 .timescale -9 -12;
v0x581c65f23b40_0 .net "Instruction_out", 31 0, L_0x581c65f24400;  1 drivers
v0x581c65f23c70_0 .var "PC_in", 31 0;
v0x581c65f23d80_0 .var "PC_op", 1 0;
v0x581c65f23e70_0 .net "PC_out", 31 0, v0x581c65f23290_0;  1 drivers
v0x581c65f23f30_0 .var "clk", 0 0;
v0x581c65f24070_0 .var "rst", 0 0;
S_0x581c65f04ba0 .scope module, "uut" "fetch_stage" 2 14, 3 1 0, S_0x581c65f04a10;
 .timescale -9 -12;
    .port_info 0 /INPUT 1 "clk";
    .port_info 1 /INPUT 1 "rst";
    .port_info 2 /INPUT 32 "PC_in";
    .port_info 3 /INPUT 2 "PC_op";
    .port_info 4 /OUTPUT 32 "Instruction_out";
    .port_info 5 /OUTPUT 32 "PC_out";
v0x581c65f235b0_0 .net "Instruction_out", 31 0, L_0x581c65f24400;  alias, 1 drivers
v0x581c65f23690_0 .net "PC_in", 31 0, v0x581c65f23c70_0;  1 drivers
v0x581c65f23760_0 .net "PC_op", 1 0, v0x581c65f23d80_0;  1 drivers
v0x581c65f23860_0 .net "PC_out", 31 0, v0x581c65f23290_0;  alias, 1 drivers
v0x581c65f23950_0 .net "clk", 0 0, v0x581c65f23f30_0;  1 drivers
v0x581c65f23a40_0 .net "rst", 0 0, v0x581c65f24070_0;  1 drivers
S_0x581c65f08ff0 .scope module, "Instruction_module" "Instruction_mem" 3 16, 4 1 0, S_0x581c65f04ba0;
 .timescale -9 -12;
    .port_info 0 /INPUT 32 "PC_address";
    .port_info 1 /OUTPUT 32 "IM_instruction";
L_0x581c65f24400 .functor BUFZ 32, L_0x581c65f24160, C4<00000000000000000000000000000000>, C4<00000000000000000000000000000000>, C4<00000000000000000000000000000000>;
v0x581c65f091d0_0 .net "IM_instruction", 31 0, L_0x581c65f24400;  alias, 1 drivers
v0x581c65f22820_0 .net "PC_address", 31 0, v0x581c65f23290_0;  alias, 1 drivers
v0x581c65f22900_0 .net *"_ivl_0", 31 0, L_0x581c65f24160;  1 drivers
v0x581c65f229c0_0 .net *"_ivl_3", 7 0, L_0x581c65f24220;  1 drivers
v0x581c65f22aa0_0 .net *"_ivl_4", 9 0, L_0x581c65f242c0;  1 drivers
L_0x7eba584ce018 .functor BUFT 1, C4<00>, C4<0>, C4<0>, C4<0>;
v0x581c65f22bd0_0 .net *"_ivl_7", 1 0, L_0x7eba584ce018;  1 drivers
v0x581c65f22cb0 .array "mem", 0 255, 31 0;
L_0x581c65f24160 .array/port v0x581c65f22cb0, L_0x581c65f242c0;
L_0x581c65f24220 .part v0x581c65f23290_0, 2, 8;
L_0x581c65f242c0 .concat [ 8 2 0 0], L_0x581c65f24220, L_0x7eba584ce018;
S_0x581c65f22dd0 .scope module, "PC_module" "PC" 3 9, 5 1 0, S_0x581c65f04ba0;
 .timescale -9 -12;
    .port_info 0 /INPUT 1 "clk";
    .port_info 1 /INPUT 1 "rst";
    .port_info 2 /INPUT 32 "PC_in";
    .port_info 3 /INPUT 2 "PC_op";
    .port_info 4 /OUTPUT 32 "PC_out";
P_0x581c65ef2ca0 .param/l "INCREAMENT" 0 5 8, C4<00>;
P_0x581c65ef2ce0 .param/l "LOAD" 0 5 9, C4<01>;
v0x581c65f230b0_0 .net "PC_in", 31 0, v0x581c65f23c70_0;  alias, 1 drivers
v0x581c65f231b0_0 .net "PC_op", 1 0, v0x581c65f23d80_0;  alias, 1 drivers
v0x581c65f23290_0 .var "PC_out", 31 0;
v0x581c65f23360_0 .net "clk", 0 0, v0x581c65f23f30_0;  alias, 1 drivers
v0x581c65f23400_0 .net "rst", 0 0, v0x581c65f24070_0;  alias, 1 drivers
E_0x581c65f081e0 .event posedge, v0x581c65f23400_0, v0x581c65f23360_0;
    .scope S_0x581c65f22dd0;
T_0 ;
    %wait E_0x581c65f081e0;
    %load/vec4 v0x581c65f23400_0;
    %flag_set/vec4 8;
    %jmp/0xz  T_0.0, 8;
    %pushi/vec4 0, 0, 32;
    %assign/vec4 v0x581c65f23290_0, 0;
    %jmp T_0.1;
T_0.0 ;
    %load/vec4 v0x581c65f231b0_0;
    %dup/vec4;
    %pushi/vec4 0, 0, 2;
    %cmp/u;
    %jmp/1 T_0.2, 6;
    %dup/vec4;
    %pushi/vec4 1, 0, 2;
    %cmp/u;
    %jmp/1 T_0.3, 6;
    %load/vec4 v0x581c65f23290_0;
    %assign/vec4 v0x581c65f23290_0, 0;
    %jmp T_0.5;
T_0.2 ;
    %load/vec4 v0x581c65f23290_0;
    %addi 4, 0, 32;
    %assign/vec4 v0x581c65f23290_0, 0;
    %jmp T_0.5;
T_0.3 ;
    %load/vec4 v0x581c65f230b0_0;
    %assign/vec4 v0x581c65f23290_0, 0;
    %jmp T_0.5;
T_0.5 ;
    %pop/vec4 1;
T_0.1 ;
    %jmp T_0;
    .thread T_0;
    .scope S_0x581c65f04a10;
T_1 ;
    %pushi/vec4 0, 0, 1;
    %store/vec4 v0x581c65f23f30_0, 0, 1;
    %end;
    .thread T_1;
    .scope S_0x581c65f04a10;
T_2 ;
    %delay 5000, 0;
    %load/vec4 v0x581c65f23f30_0;
    %inv;
    %store/vec4 v0x581c65f23f30_0, 0, 1;
    %jmp T_2;
    .thread T_2;
    .scope S_0x581c65f04a10;
T_3 ;
    %vpi_call 2 28 "$dumpfile", "fetch_stage_waveform.vcd" {0 0 0};
    %vpi_call 2 29 "$dumpvars", 32'sb00000000000000000000000000000000, S_0x581c65f04a10 {0 0 0};
    %pushi/vec4 1, 0, 1;
    %store/vec4 v0x581c65f24070_0, 0, 1;
    %pushi/vec4 0, 0, 2;
    %store/vec4 v0x581c65f23d80_0, 0, 2;
    %pushi/vec4 0, 0, 32;
    %store/vec4 v0x581c65f23c70_0, 0, 32;
    %pushi/vec4 19, 0, 32;
    %ix/load 4, 0, 0;
    %flag_set/imm 4, 0;
    %store/vec4a v0x581c65f22cb0, 4, 0;
    %pushi/vec4 1081491, 0, 32;
    %ix/load 4, 1, 0;
    %flag_set/imm 4, 0;
    %store/vec4a v0x581c65f22cb0, 4, 0;
    %pushi/vec4 3211539, 0, 32;
    %ix/load 4, 2, 0;
    %flag_set/imm 4, 0;
    %store/vec4a v0x581c65f22cb0, 4, 0;
    %pushi/vec4 10584467, 0, 32;
    %ix/load 4, 3, 0;
    %flag_set/imm 4, 0;
    %store/vec4a v0x581c65f22cb0, 4, 0;
    %delay 12000, 0;
    %pushi/vec4 0, 0, 1;
    %store/vec4 v0x581c65f24070_0, 0, 1;
    %delay 8000, 0;
    %pushi/vec4 0, 0, 2;
    %store/vec4 v0x581c65f23d80_0, 0, 2;
    %delay 20000, 0;
    %pushi/vec4 1, 0, 2;
    %store/vec4 v0x581c65f23d80_0, 0, 2;
    %pushi/vec4 20, 0, 32;
    %store/vec4 v0x581c65f23c70_0, 0, 32;
    %delay 10000, 0;
    %pushi/vec4 2, 0, 2;
    %store/vec4 v0x581c65f23d80_0, 0, 2;
    %delay 10000, 0;
    %pushi/vec4 0, 0, 2;
    %store/vec4 v0x581c65f23d80_0, 0, 2;
    %delay 20000, 0;
    %pushi/vec4 1, 0, 2;
    %store/vec4 v0x581c65f23d80_0, 0, 2;
    %pushi/vec4 252, 0, 32;
    %store/vec4 v0x581c65f23c70_0, 0, 32;
    %delay 10000, 0;
    %pushi/vec4 0, 0, 2;
    %store/vec4 v0x581c65f23d80_0, 0, 2;
    %delay 10000, 0;
    %pushi/vec4 1, 0, 1;
    %store/vec4 v0x581c65f24070_0, 0, 1;
    %delay 10000, 0;
    %pushi/vec4 0, 0, 1;
    %store/vec4 v0x581c65f24070_0, 0, 1;
    %delay 10000, 0;
    %vpi_call 2 67 "$finish" {0 0 0};
    %end;
    .thread T_3;
# The file index is used to find the file name in the following table.
:file_names 6;
    "N/A";
    "<interactive>";
    "tb/tb_fetch_stage.v";
    "./rtl/fetch_stage.v";
    "./rtl/Instruction_mem.v";
    "./rtl/PC.v";
