#! /usr/bin/vvp
:ivl_version "12.0 (stable)";
:ivl_delay_selection "TYPICAL";
:vpi_time_precision - 12;
:vpi_module "/usr/lib/x86_64-linux-gnu/ivl/system.vpi";
:vpi_module "/usr/lib/x86_64-linux-gnu/ivl/vhdl_sys.vpi";
:vpi_module "/usr/lib/x86_64-linux-gnu/ivl/vhdl_textio.vpi";
:vpi_module "/usr/lib/x86_64-linux-gnu/ivl/v2005_math.vpi";
:vpi_module "/usr/lib/x86_64-linux-gnu/ivl/va_math.vpi";
S_0x56ec0636bc50 .scope module, "tb_ID" "tb_ID" 2 7;
 .timescale -9 -12;
v0x56ec063c0090_0 .var "clk", 0 0;
v0x56ec063c0150_0 .net "imm", 31 0, v0x56ec063be160_0;  1 drivers
v0x56ec063c0260_0 .var "instruction", 31 0;
v0x56ec063c0300_0 .net "rd_addr", 4 0, L_0x56ec06379e20;  1 drivers
v0x56ec063c03c0_0 .net "rs1_data", 31 0, v0x56ec063bf200_0;  1 drivers
v0x56ec063c0500_0 .net "rs2_data", 31 0, v0x56ec063bf3b0_0;  1 drivers
v0x56ec063c0610_0 .var "rst", 0 0;
S_0x56ec063823e0 .scope module, "uut" "ID_stage" 2 16, 3 1 0, S_0x56ec0636bc50;
 .timescale -9 -12;
    .port_info 0 /INPUT 32 "instruction";
    .port_info 1 /INPUT 1 "clk";
    .port_info 2 /INPUT 1 "rst";
    .port_info 3 /OUTPUT 32 "rs1_data";
    .port_info 4 /OUTPUT 32 "rs2_data";
    .port_info 5 /OUTPUT 32 "imm";
    .port_info 6 /OUTPUT 5 "rd_addr";
L_0x56ec06379e20 .functor BUFZ 5, L_0x56ec063d08d0, C4<00000>, C4<00000>, C4<00000>;
v0x56ec063bf650_0 .net "clk", 0 0, v0x56ec063c0090_0;  1 drivers
v0x56ec063bf740_0 .net "imm", 31 0, v0x56ec063be160_0;  alias, 1 drivers
v0x56ec063bf810_0 .net "instruction", 31 0, v0x56ec063c0260_0;  1 drivers
v0x56ec063bf8e0_0 .net "rd_addr", 4 0, L_0x56ec06379e20;  alias, 1 drivers
v0x56ec063bf9a0_0 .net "rd_addr_decoder", 4 0, L_0x56ec063d08d0;  1 drivers
v0x56ec063bfb00_0 .net "rs1_addr_decoder", 4 0, L_0x56ec063d0aa0;  1 drivers
v0x56ec063bfc10_0 .net "rs1_data", 31 0, v0x56ec063bf200_0;  alias, 1 drivers
v0x56ec063bfcd0_0 .net "rs2_addr_decoder", 4 0, L_0x56ec063d0b70;  1 drivers
v0x56ec063bfdc0_0 .net "rs2_data", 31 0, v0x56ec063bf3b0_0;  alias, 1 drivers
v0x56ec063bff10_0 .net "rst", 0 0, v0x56ec063c0610_0;  1 drivers
S_0x56ec06382620 .scope module, "DECODER" "decoder_stage" 3 25, 4 1 0, S_0x56ec063823e0;
 .timescale -9 -12;
    .port_info 0 /INPUT 32 "instruction";
    .port_info 1 /OUTPUT 5 "rs1_addr";
    .port_info 2 /OUTPUT 5 "rs2_addr";
    .port_info 3 /OUTPUT 5 "rd_addr";
    .port_info 4 /OUTPUT 4 "alu_op";
    .port_info 5 /OUTPUT 1 "reg_write";
    .port_info 6 /OUTPUT 1 "alu_src";
    .port_info 7 /OUTPUT 1 "mem_read";
    .port_info 8 /OUTPUT 1 "mem_write";
    .port_info 9 /OUTPUT 1 "mem_to_reg";
    .port_info 10 /OUTPUT 1 "branch";
    .port_info 11 /OUTPUT 1 "jump";
    .port_info 12 /OUTPUT 1 "jump_reg";
P_0x56ec0638c290 .param/l "AUIPC" 0 4 40, C4<0010111>;
P_0x56ec0638c2d0 .param/l "BRANCH" 0 4 38, C4<1100011>;
P_0x56ec0638c310 .param/l "JAL" 0 4 41, C4<1101111>;
P_0x56ec0638c350 .param/l "JALR" 0 4 36, C4<1100111>;
P_0x56ec0638c390 .param/l "LOAD" 0 4 35, C4<0000011>;
P_0x56ec0638c3d0 .param/l "LUI" 0 4 39, C4<0110111>;
P_0x56ec0638c410 .param/l "OP" 0 4 42, C4<0110011>;
P_0x56ec0638c450 .param/l "OP_IMM" 0 4 34, C4<0010011>;
P_0x56ec0638c490 .param/l "STORE" 0 4 37, C4<0100011>;
v0x56ec06397060_0 .var "alu_op", 3 0;
v0x56ec0637c250_0 .var "alu_src", 0 0;
v0x56ec0637bdd0_0 .var "branch", 0 0;
v0x56ec0637c550_0 .net "funct3", 2 0, L_0x56ec063d0a00;  1 drivers
v0x56ec0637bf50_0 .net "funct7", 6 0, L_0x56ec063d0c10;  1 drivers
v0x56ec0637c0d0_0 .net "instruction", 31 0, v0x56ec063c0260_0;  alias, 1 drivers
v0x56ec0637c3d0_0 .var "jump", 0 0;
v0x56ec0637c6d0_0 .var "jump_reg", 0 0;
v0x56ec063bd0a0_0 .var "mem_read", 0 0;
v0x56ec063bd160_0 .var "mem_to_reg", 0 0;
v0x56ec063bd220_0 .var "mem_write", 0 0;
v0x56ec063bd2e0_0 .net "op_code", 6 0, L_0x56ec063d07a0;  1 drivers
v0x56ec063bd3c0_0 .net "rd_addr", 4 0, L_0x56ec063d08d0;  alias, 1 drivers
v0x56ec063bd4a0_0 .var "reg_write", 0 0;
v0x56ec063bd560_0 .net "rs1_addr", 4 0, L_0x56ec063d0aa0;  alias, 1 drivers
v0x56ec063bd640_0 .net "rs2_addr", 4 0, L_0x56ec063d0b70;  alias, 1 drivers
E_0x56ec06393200 .event anyedge, v0x56ec063bd2e0_0;
L_0x56ec063d07a0 .part v0x56ec063c0260_0, 0, 7;
L_0x56ec063d08d0 .part v0x56ec063c0260_0, 7, 5;
L_0x56ec063d0a00 .part v0x56ec063c0260_0, 12, 3;
L_0x56ec063d0aa0 .part v0x56ec063c0260_0, 15, 5;
L_0x56ec063d0b70 .part v0x56ec063c0260_0, 20, 5;
L_0x56ec063d0c10 .part v0x56ec063c0260_0, 25, 7;
S_0x56ec063bd930 .scope module, "IMM_GENERATOR" "ImmediateGenerator" 3 31, 5 1 0, S_0x56ec063823e0;
 .timescale -9 -12;
    .port_info 0 /INPUT 32 "instruction";
    .port_info 1 /OUTPUT 32 "imm";
P_0x56ec063bdae0 .param/l "AUIPC" 0 5 15, C4<0010111>;
P_0x56ec063bdb20 .param/l "BRANCH" 0 5 13, C4<1100011>;
P_0x56ec063bdb60 .param/l "JAL" 0 5 16, C4<1101111>;
P_0x56ec063bdba0 .param/l "JALR" 0 5 11, C4<1100111>;
P_0x56ec063bdbe0 .param/l "LOAD" 0 5 10, C4<0000011>;
P_0x56ec063bdc20 .param/l "LUI" 0 5 14, C4<0110111>;
P_0x56ec063bdc60 .param/l "OP" 0 5 17, C4<0110011>;
P_0x56ec063bdca0 .param/l "OP_IMM" 0 5 9, C4<0010011>;
P_0x56ec063bdce0 .param/l "STORE" 0 5 12, C4<0100011>;
v0x56ec063be160_0 .var "imm", 31 0;
v0x56ec063be260_0 .net "instruct_type", 6 0, L_0x56ec063d0cf0;  1 drivers
v0x56ec063be340_0 .net "instruction", 31 0, v0x56ec063c0260_0;  alias, 1 drivers
E_0x56ec06393990 .event anyedge, v0x56ec063be260_0, v0x56ec0637c0d0_0, v0x56ec063be160_0;
L_0x56ec063d0cf0 .part v0x56ec063c0260_0, 0, 7;
S_0x56ec063be420 .scope module, "REGISTER" "Reg32x32" 3 14, 6 1 0, S_0x56ec063823e0;
 .timescale -9 -12;
    .port_info 0 /INPUT 1 "clk";
    .port_info 1 /INPUT 1 "rst";
    .port_info 2 /INPUT 1 "rd_we";
    .port_info 3 /INPUT 5 "rs1_addr";
    .port_info 4 /INPUT 5 "rs2_addr";
    .port_info 5 /INPUT 5 "rd_addr";
    .port_info 6 /INPUT 32 "rd_wdata";
    .port_info 7 /OUTPUT 32 "rs1_data";
    .port_info 8 /OUTPUT 32 "rs2_data";
v0x56ec063be870_0 .net "clk", 0 0, v0x56ec063c0090_0;  alias, 1 drivers
v0x56ec063be930_0 .var/i "i", 31 0;
v0x56ec063bea10 .array "mem", 31 0, 31 0;
v0x56ec063beeb0_0 .net "rd_addr", 4 0, L_0x56ec063d08d0;  alias, 1 drivers
L_0x71fb7f49d060 .functor BUFT 1, C4<00000000000000000000000000000000>, C4<0>, C4<0>, C4<0>;
v0x56ec063bef70_0 .net "rd_wdata", 31 0, L_0x71fb7f49d060;  1 drivers
L_0x71fb7f49d018 .functor BUFT 1, C4<0>, C4<0>, C4<0>, C4<0>;
v0x56ec063bf080_0 .net "rd_we", 0 0, L_0x71fb7f49d018;  1 drivers
v0x56ec063bf140_0 .net "rs1_addr", 4 0, L_0x56ec063d0aa0;  alias, 1 drivers
v0x56ec063bf200_0 .var "rs1_data", 31 0;
v0x56ec063bf2c0_0 .net "rs2_addr", 4 0, L_0x56ec063d0b70;  alias, 1 drivers
v0x56ec063bf3b0_0 .var "rs2_data", 31 0;
v0x56ec063bf470_0 .net "rst", 0 0, v0x56ec063c0610_0;  alias, 1 drivers
v0x56ec063bea10_0 .array/port v0x56ec063bea10, 0;
v0x56ec063bea10_1 .array/port v0x56ec063bea10, 1;
v0x56ec063bea10_2 .array/port v0x56ec063bea10, 2;
E_0x56ec063632b0/0 .event anyedge, v0x56ec063bd560_0, v0x56ec063bea10_0, v0x56ec063bea10_1, v0x56ec063bea10_2;
v0x56ec063bea10_3 .array/port v0x56ec063bea10, 3;
v0x56ec063bea10_4 .array/port v0x56ec063bea10, 4;
v0x56ec063bea10_5 .array/port v0x56ec063bea10, 5;
v0x56ec063bea10_6 .array/port v0x56ec063bea10, 6;
E_0x56ec063632b0/1 .event anyedge, v0x56ec063bea10_3, v0x56ec063bea10_4, v0x56ec063bea10_5, v0x56ec063bea10_6;
v0x56ec063bea10_7 .array/port v0x56ec063bea10, 7;
v0x56ec063bea10_8 .array/port v0x56ec063bea10, 8;
v0x56ec063bea10_9 .array/port v0x56ec063bea10, 9;
v0x56ec063bea10_10 .array/port v0x56ec063bea10, 10;
E_0x56ec063632b0/2 .event anyedge, v0x56ec063bea10_7, v0x56ec063bea10_8, v0x56ec063bea10_9, v0x56ec063bea10_10;
v0x56ec063bea10_11 .array/port v0x56ec063bea10, 11;
v0x56ec063bea10_12 .array/port v0x56ec063bea10, 12;
v0x56ec063bea10_13 .array/port v0x56ec063bea10, 13;
v0x56ec063bea10_14 .array/port v0x56ec063bea10, 14;
E_0x56ec063632b0/3 .event anyedge, v0x56ec063bea10_11, v0x56ec063bea10_12, v0x56ec063bea10_13, v0x56ec063bea10_14;
v0x56ec063bea10_15 .array/port v0x56ec063bea10, 15;
v0x56ec063bea10_16 .array/port v0x56ec063bea10, 16;
v0x56ec063bea10_17 .array/port v0x56ec063bea10, 17;
v0x56ec063bea10_18 .array/port v0x56ec063bea10, 18;
E_0x56ec063632b0/4 .event anyedge, v0x56ec063bea10_15, v0x56ec063bea10_16, v0x56ec063bea10_17, v0x56ec063bea10_18;
v0x56ec063bea10_19 .array/port v0x56ec063bea10, 19;
v0x56ec063bea10_20 .array/port v0x56ec063bea10, 20;
v0x56ec063bea10_21 .array/port v0x56ec063bea10, 21;
v0x56ec063bea10_22 .array/port v0x56ec063bea10, 22;
E_0x56ec063632b0/5 .event anyedge, v0x56ec063bea10_19, v0x56ec063bea10_20, v0x56ec063bea10_21, v0x56ec063bea10_22;
v0x56ec063bea10_23 .array/port v0x56ec063bea10, 23;
v0x56ec063bea10_24 .array/port v0x56ec063bea10, 24;
v0x56ec063bea10_25 .array/port v0x56ec063bea10, 25;
v0x56ec063bea10_26 .array/port v0x56ec063bea10, 26;
E_0x56ec063632b0/6 .event anyedge, v0x56ec063bea10_23, v0x56ec063bea10_24, v0x56ec063bea10_25, v0x56ec063bea10_26;
v0x56ec063bea10_27 .array/port v0x56ec063bea10, 27;
v0x56ec063bea10_28 .array/port v0x56ec063bea10, 28;
v0x56ec063bea10_29 .array/port v0x56ec063bea10, 29;
v0x56ec063bea10_30 .array/port v0x56ec063bea10, 30;
E_0x56ec063632b0/7 .event anyedge, v0x56ec063bea10_27, v0x56ec063bea10_28, v0x56ec063bea10_29, v0x56ec063bea10_30;
v0x56ec063bea10_31 .array/port v0x56ec063bea10, 31;
E_0x56ec063632b0/8 .event anyedge, v0x56ec063bea10_31, v0x56ec063bd640_0;
E_0x56ec063632b0 .event/or E_0x56ec063632b0/0, E_0x56ec063632b0/1, E_0x56ec063632b0/2, E_0x56ec063632b0/3, E_0x56ec063632b0/4, E_0x56ec063632b0/5, E_0x56ec063632b0/6, E_0x56ec063632b0/7, E_0x56ec063632b0/8;
E_0x56ec0639dd40 .event posedge, v0x56ec063bf470_0, v0x56ec063be870_0;
    .scope S_0x56ec063be420;
T_0 ;
    %wait E_0x56ec0639dd40;
    %load/vec4 v0x56ec063bf470_0;
    %flag_set/vec4 8;
    %jmp/0xz  T_0.0, 8;
    %pushi/vec4 0, 0, 32;
    %store/vec4 v0x56ec063be930_0, 0, 32;
T_0.2 ;
    %load/vec4 v0x56ec063be930_0;
    %cmpi/s 32, 0, 32;
    %jmp/0xz T_0.3, 5;
    %pushi/vec4 0, 0, 32;
    %ix/getv/s 3, v0x56ec063be930_0;
    %ix/load 4, 0, 0; Constant delay
    %assign/vec4/a/d v0x56ec063bea10, 0, 4;
    %load/vec4 v0x56ec063be930_0;
    %addi 1, 0, 32;
    %store/vec4 v0x56ec063be930_0, 0, 32;
    %jmp T_0.2;
T_0.3 ;
    %jmp T_0.1;
T_0.0 ;
    %load/vec4 v0x56ec063bf080_0;
    %pad/u 32;
    %cmpi/e 1, 0, 32;
    %flag_get/vec4 4;
    %jmp/0 T_0.6, 4;
    %load/vec4 v0x56ec063beeb0_0;
    %pad/u 32;
    %pushi/vec4 0, 0, 32;
    %cmp/ne;
    %flag_get/vec4 4;
    %and;
T_0.6;
    %flag_set/vec4 8;
    %jmp/0xz  T_0.4, 8;
    %load/vec4 v0x56ec063bef70_0;
    %load/vec4 v0x56ec063beeb0_0;
    %pad/u 7;
    %ix/vec4 3;
    %ix/load 4, 0, 0; Constant delay
    %assign/vec4/a/d v0x56ec063bea10, 0, 4;
T_0.4 ;
T_0.1 ;
    %jmp T_0;
    .thread T_0;
    .scope S_0x56ec063be420;
T_1 ;
    %wait E_0x56ec063632b0;
    %load/vec4 v0x56ec063bf140_0;
    %pad/u 32;
    %cmpi/e 0, 0, 32;
    %flag_mov 8, 4;
    %jmp/0 T_1.0, 8;
    %pushi/vec4 0, 0, 32;
    %jmp/1 T_1.1, 8;
T_1.0 ; End of true expr.
    %load/vec4 v0x56ec063bf140_0;
    %pad/u 7;
    %ix/vec4 4;
    %load/vec4a v0x56ec063bea10, 4;
    %jmp/0 T_1.1, 8;
 ; End of false expr.
    %blend;
T_1.1;
    %store/vec4 v0x56ec063bf200_0, 0, 32;
    %load/vec4 v0x56ec063bf2c0_0;
    %pad/u 32;
    %cmpi/e 0, 0, 32;
    %flag_mov 8, 4;
    %jmp/0 T_1.2, 8;
    %pushi/vec4 0, 0, 32;
    %jmp/1 T_1.3, 8;
T_1.2 ; End of true expr.
    %load/vec4 v0x56ec063bf2c0_0;
    %pad/u 7;
    %ix/vec4 4;
    %load/vec4a v0x56ec063bea10, 4;
    %jmp/0 T_1.3, 8;
 ; End of false expr.
    %blend;
T_1.3;
    %store/vec4 v0x56ec063bf3b0_0, 0, 32;
    %pushi/vec4 0, 0, 32;
    %ix/load 4, 0, 0;
    %flag_set/imm 4, 0;
    %store/vec4a v0x56ec063bea10, 4, 0;
    %jmp T_1;
    .thread T_1, $push;
    .scope S_0x56ec06382620;
T_2 ;
    %wait E_0x56ec06393200;
    %pushi/vec4 0, 0, 1;
    %store/vec4 v0x56ec063bd4a0_0, 0, 1;
    %pushi/vec4 0, 0, 1;
    %store/vec4 v0x56ec0637c250_0, 0, 1;
    %pushi/vec4 0, 0, 4;
    %store/vec4 v0x56ec06397060_0, 0, 4;
    %pushi/vec4 0, 0, 1;
    %store/vec4 v0x56ec063bd0a0_0, 0, 1;
    %pushi/vec4 0, 0, 1;
    %store/vec4 v0x56ec063bd220_0, 0, 1;
    %pushi/vec4 0, 0, 1;
    %store/vec4 v0x56ec063bd160_0, 0, 1;
    %pushi/vec4 0, 0, 1;
    %store/vec4 v0x56ec0637bdd0_0, 0, 1;
    %pushi/vec4 0, 0, 1;
    %store/vec4 v0x56ec0637c3d0_0, 0, 1;
    %pushi/vec4 0, 0, 1;
    %store/vec4 v0x56ec0637c6d0_0, 0, 1;
    %load/vec4 v0x56ec063bd2e0_0;
    %dup/vec4;
    %pushi/vec4 51, 0, 7;
    %cmp/u;
    %jmp/1 T_2.0, 6;
    %dup/vec4;
    %pushi/vec4 19, 0, 7;
    %cmp/u;
    %jmp/1 T_2.1, 6;
    %dup/vec4;
    %pushi/vec4 3, 0, 7;
    %cmp/u;
    %jmp/1 T_2.2, 6;
    %dup/vec4;
    %pushi/vec4 35, 0, 7;
    %cmp/u;
    %jmp/1 T_2.3, 6;
    %dup/vec4;
    %pushi/vec4 99, 0, 7;
    %cmp/u;
    %jmp/1 T_2.4, 6;
    %dup/vec4;
    %pushi/vec4 111, 0, 7;
    %cmp/u;
    %jmp/1 T_2.5, 6;
    %dup/vec4;
    %pushi/vec4 103, 0, 7;
    %cmp/u;
    %jmp/1 T_2.6, 6;
    %dup/vec4;
    %pushi/vec4 55, 0, 7;
    %cmp/u;
    %jmp/1 T_2.7, 6;
    %dup/vec4;
    %pushi/vec4 23, 0, 7;
    %cmp/u;
    %jmp/1 T_2.8, 6;
    %jmp T_2.9;
T_2.0 ;
    %pushi/vec4 1, 0, 1;
    %store/vec4 v0x56ec063bd4a0_0, 0, 1;
    %jmp T_2.9;
T_2.1 ;
    %pushi/vec4 1, 0, 1;
    %store/vec4 v0x56ec063bd4a0_0, 0, 1;
    %pushi/vec4 1, 0, 1;
    %store/vec4 v0x56ec0637c250_0, 0, 1;
    %jmp T_2.9;
T_2.2 ;
    %pushi/vec4 1, 0, 1;
    %store/vec4 v0x56ec063bd4a0_0, 0, 1;
    %pushi/vec4 1, 0, 1;
    %store/vec4 v0x56ec0637c250_0, 0, 1;
    %pushi/vec4 1, 0, 1;
    %store/vec4 v0x56ec063bd0a0_0, 0, 1;
    %pushi/vec4 1, 0, 1;
    %store/vec4 v0x56ec063bd160_0, 0, 1;
    %jmp T_2.9;
T_2.3 ;
    %pushi/vec4 1, 0, 1;
    %store/vec4 v0x56ec0637c250_0, 0, 1;
    %pushi/vec4 1, 0, 1;
    %store/vec4 v0x56ec063bd220_0, 0, 1;
    %jmp T_2.9;
T_2.4 ;
    %pushi/vec4 1, 0, 1;
    %store/vec4 v0x56ec0637bdd0_0, 0, 1;
    %jmp T_2.9;
T_2.5 ;
    %pushi/vec4 1, 0, 1;
    %store/vec4 v0x56ec063bd4a0_0, 0, 1;
    %pushi/vec4 1, 0, 1;
    %store/vec4 v0x56ec0637c250_0, 0, 1;
    %pushi/vec4 1, 0, 1;
    %store/vec4 v0x56ec0637c3d0_0, 0, 1;
    %jmp T_2.9;
T_2.6 ;
    %pushi/vec4 1, 0, 1;
    %store/vec4 v0x56ec063bd4a0_0, 0, 1;
    %pushi/vec4 1, 0, 1;
    %store/vec4 v0x56ec0637c250_0, 0, 1;
    %pushi/vec4 1, 0, 1;
    %store/vec4 v0x56ec0637c6d0_0, 0, 1;
    %jmp T_2.9;
T_2.7 ;
    %pushi/vec4 1, 0, 1;
    %store/vec4 v0x56ec063bd4a0_0, 0, 1;
    %pushi/vec4 1, 0, 1;
    %store/vec4 v0x56ec0637c250_0, 0, 1;
    %jmp T_2.9;
T_2.8 ;
    %pushi/vec4 1, 0, 1;
    %store/vec4 v0x56ec063bd4a0_0, 0, 1;
    %pushi/vec4 1, 0, 1;
    %store/vec4 v0x56ec0637c250_0, 0, 1;
    %jmp T_2.9;
T_2.9 ;
    %pop/vec4 1;
    %jmp T_2;
    .thread T_2, $push;
    .scope S_0x56ec063bd930;
T_3 ;
    %wait E_0x56ec06393990;
    %pushi/vec4 0, 0, 32;
    %store/vec4 v0x56ec063be160_0, 0, 32;
    %load/vec4 v0x56ec063be260_0;
    %dup/vec4;
    %pushi/vec4 19, 0, 7;
    %cmp/u;
    %jmp/1 T_3.0, 6;
    %dup/vec4;
    %pushi/vec4 3, 0, 7;
    %cmp/u;
    %jmp/1 T_3.1, 6;
    %dup/vec4;
    %pushi/vec4 103, 0, 7;
    %cmp/u;
    %jmp/1 T_3.2, 6;
    %dup/vec4;
    %pushi/vec4 35, 0, 7;
    %cmp/u;
    %jmp/1 T_3.3, 6;
    %dup/vec4;
    %pushi/vec4 99, 0, 7;
    %cmp/u;
    %jmp/1 T_3.4, 6;
    %dup/vec4;
    %pushi/vec4 55, 0, 7;
    %cmp/u;
    %jmp/1 T_3.5, 6;
    %dup/vec4;
    %pushi/vec4 23, 0, 7;
    %cmp/u;
    %jmp/1 T_3.6, 6;
    %dup/vec4;
    %pushi/vec4 111, 0, 7;
    %cmp/u;
    %jmp/1 T_3.7, 6;
    %pushi/vec4 0, 0, 32;
    %store/vec4 v0x56ec063be160_0, 0, 32;
    %jmp T_3.9;
T_3.0 ;
    %load/vec4 v0x56ec063be340_0;
    %parti/s 12, 20, 6;
    %ix/load 4, 0, 0;
    %flag_set/imm 4, 0;
    %store/vec4 v0x56ec063be160_0, 4, 12;
    %load/vec4 v0x56ec063be340_0;
    %parti/s 1, 31, 6;
    %replicate 20;
    %ix/load 4, 12, 0;
    %flag_set/imm 4, 0;
    %store/vec4 v0x56ec063be160_0, 4, 20;
    %jmp T_3.9;
T_3.1 ;
    %load/vec4 v0x56ec063be340_0;
    %parti/s 12, 20, 6;
    %ix/load 4, 0, 0;
    %flag_set/imm 4, 0;
    %store/vec4 v0x56ec063be160_0, 4, 12;
    %load/vec4 v0x56ec063be340_0;
    %parti/s 1, 31, 6;
    %replicate 20;
    %ix/load 4, 12, 0;
    %flag_set/imm 4, 0;
    %store/vec4 v0x56ec063be160_0, 4, 20;
    %jmp T_3.9;
T_3.2 ;
    %load/vec4 v0x56ec063be340_0;
    %parti/s 12, 20, 6;
    %ix/load 4, 0, 0;
    %flag_set/imm 4, 0;
    %store/vec4 v0x56ec063be160_0, 4, 12;
    %load/vec4 v0x56ec063be340_0;
    %parti/s 1, 31, 6;
    %replicate 20;
    %ix/load 4, 12, 0;
    %flag_set/imm 4, 0;
    %store/vec4 v0x56ec063be160_0, 4, 20;
    %jmp T_3.9;
T_3.3 ;
    %load/vec4 v0x56ec063be340_0;
    %parti/s 7, 25, 6;
    %ix/load 4, 5, 0;
    %flag_set/imm 4, 0;
    %store/vec4 v0x56ec063be160_0, 4, 7;
    %load/vec4 v0x56ec063be340_0;
    %parti/s 5, 7, 4;
    %ix/load 4, 0, 0;
    %flag_set/imm 4, 0;
    %store/vec4 v0x56ec063be160_0, 4, 5;
    %load/vec4 v0x56ec063be340_0;
    %parti/s 1, 31, 6;
    %replicate 20;
    %ix/load 4, 12, 0;
    %flag_set/imm 4, 0;
    %store/vec4 v0x56ec063be160_0, 4, 20;
    %jmp T_3.9;
T_3.4 ;
    %load/vec4 v0x56ec063be340_0;
    %parti/s 1, 31, 6;
    %ix/load 4, 12, 0;
    %flag_set/imm 4, 0;
    %store/vec4 v0x56ec063be160_0, 4, 1;
    %load/vec4 v0x56ec063be340_0;
    %parti/s 6, 25, 6;
    %ix/load 4, 5, 0;
    %flag_set/imm 4, 0;
    %store/vec4 v0x56ec063be160_0, 4, 6;
    %load/vec4 v0x56ec063be340_0;
    %parti/s 4, 8, 5;
    %ix/load 4, 1, 0;
    %flag_set/imm 4, 0;
    %store/vec4 v0x56ec063be160_0, 4, 4;
    %load/vec4 v0x56ec063be340_0;
    %parti/s 1, 7, 4;
    %ix/load 4, 11, 0;
    %flag_set/imm 4, 0;
    %store/vec4 v0x56ec063be160_0, 4, 1;
    %load/vec4 v0x56ec063be340_0;
    %parti/s 1, 31, 6;
    %replicate 19;
    %ix/load 4, 13, 0;
    %flag_set/imm 4, 0;
    %store/vec4 v0x56ec063be160_0, 4, 19;
    %load/vec4 v0x56ec063be160_0;
    %ix/load 4, 1, 0;
    %flag_set/imm 4, 0;
    %shiftl 4;
    %store/vec4 v0x56ec063be160_0, 0, 32;
    %jmp T_3.9;
T_3.5 ;
    %load/vec4 v0x56ec063be340_0;
    %parti/s 20, 12, 5;
    %ix/load 4, 12, 0;
    %flag_set/imm 4, 0;
    %store/vec4 v0x56ec063be160_0, 4, 20;
    %jmp T_3.9;
T_3.6 ;
    %load/vec4 v0x56ec063be340_0;
    %parti/s 20, 12, 5;
    %ix/load 4, 12, 0;
    %flag_set/imm 4, 0;
    %store/vec4 v0x56ec063be160_0, 4, 20;
    %jmp T_3.9;
T_3.7 ;
    %load/vec4 v0x56ec063be340_0;
    %parti/s 1, 31, 6;
    %ix/load 4, 20, 0;
    %flag_set/imm 4, 0;
    %store/vec4 v0x56ec063be160_0, 4, 1;
    %load/vec4 v0x56ec063be340_0;
    %parti/s 10, 21, 6;
    %ix/load 4, 1, 0;
    %flag_set/imm 4, 0;
    %store/vec4 v0x56ec063be160_0, 4, 10;
    %load/vec4 v0x56ec063be340_0;
    %parti/s 1, 20, 6;
    %ix/load 4, 11, 0;
    %flag_set/imm 4, 0;
    %store/vec4 v0x56ec063be160_0, 4, 1;
    %load/vec4 v0x56ec063be340_0;
    %parti/s 8, 12, 5;
    %ix/load 4, 12, 0;
    %flag_set/imm 4, 0;
    %store/vec4 v0x56ec063be160_0, 4, 8;
    %load/vec4 v0x56ec063be340_0;
    %parti/s 1, 31, 6;
    %replicate 11;
    %ix/load 4, 21, 0;
    %flag_set/imm 4, 0;
    %store/vec4 v0x56ec063be160_0, 4, 11;
    %jmp T_3.9;
T_3.9 ;
    %pop/vec4 1;
    %jmp T_3;
    .thread T_3, $push;
    .scope S_0x56ec0636bc50;
T_4 ;
    %pushi/vec4 0, 0, 1;
    %store/vec4 v0x56ec063c0090_0, 0, 1;
    %end;
    .thread T_4;
    .scope S_0x56ec0636bc50;
T_5 ;
    %delay 5000, 0;
    %load/vec4 v0x56ec063c0090_0;
    %inv;
    %store/vec4 v0x56ec063c0090_0, 0, 1;
    %jmp T_5;
    .thread T_5;
    .scope S_0x56ec0636bc50;
T_6 ;
    %vpi_call 2 31 "$dumpfile", "ID_waveform.vcd" {0 0 0};
    %vpi_call 2 32 "$dumpvars", 32'sb00000000000000000000000000000000, S_0x56ec0636bc50 {0 0 0};
    %pushi/vec4 1, 0, 1;
    %store/vec4 v0x56ec063c0610_0, 0, 1;
    %pushi/vec4 4294967295, 0, 32;
    %store/vec4 v0x56ec063c0260_0, 0, 32;
    %delay 12000, 0;
    %pushi/vec4 0, 0, 1;
    %store/vec4 v0x56ec063c0610_0, 0, 1;
    %delay 8000, 0;
    %pushi/vec4 7537331, 0, 32;
    %store/vec4 v0x56ec063c0260_0, 0, 32;
    %delay 20000, 0;
    %pushi/vec4 10781747, 0, 32;
    %store/vec4 v0x56ec063c0260_0, 0, 32;
    %delay 20000, 0;
    %pushi/vec4 5440147, 0, 32;
    %store/vec4 v0x56ec063c0260_0, 0, 32;
    %delay 20000, 0;
    %pushi/vec4 4293984403, 0, 32;
    %store/vec4 v0x56ec063c0260_0, 0, 32;
    %delay 20000, 0;
    %pushi/vec4 8495747, 0, 32;
    %store/vec4 v0x56ec063c0260_0, 0, 32;
    %delay 20000, 0;
    %pushi/vec4 4236835, 0, 32;
    %store/vec4 v0x56ec063c0260_0, 0, 32;
    %delay 20000, 0;
    %pushi/vec4 2130531, 0, 32;
    %store/vec4 v0x56ec063c0260_0, 0, 32;
    %delay 20000, 0;
    %pushi/vec4 8388847, 0, 32;
    %store/vec4 v0x56ec063c0260_0, 0, 32;
    %delay 20000, 0;
    %pushi/vec4 6422759, 0, 32;
    %store/vec4 v0x56ec063c0260_0, 0, 32;
    %delay 20000, 0;
    %pushi/vec4 305419191, 0, 32;
    %store/vec4 v0x56ec063c0260_0, 0, 32;
    %delay 20000, 0;
    %pushi/vec4 65943, 0, 32;
    %store/vec4 v0x56ec063c0260_0, 0, 32;
    %delay 20000, 0;
    %vpi_call 2 64 "$finish" {0 0 0};
    %end;
    .thread T_6;
# The file index is used to find the file name in the following table.
:file_names 7;
    "N/A";
    "<interactive>";
    "tb/tb_ID.v";
    "./rtl/ID_stage.v";
    "./rtl/decoder_stage.v";
    "./rtl/ImmediateGenerator.v";
    "./rtl/Reg32x32.v";
