#! /usr/bin/vvp
:ivl_version "12.0 (stable)";
:ivl_delay_selection "TYPICAL";
:vpi_time_precision - 12;
:vpi_module "/usr/lib/x86_64-linux-gnu/ivl/system.vpi";
:vpi_module "/usr/lib/x86_64-linux-gnu/ivl/vhdl_sys.vpi";
:vpi_module "/usr/lib/x86_64-linux-gnu/ivl/vhdl_textio.vpi";
:vpi_module "/usr/lib/x86_64-linux-gnu/ivl/v2005_math.vpi";
:vpi_module "/usr/lib/x86_64-linux-gnu/ivl/va_math.vpi";
S_0x62f17638e140 .scope module, "tb_IG" "tb_IG" 2 4;
 .timescale -9 -12;
v0x62f176385ba0_0 .net "imm", 31 0, v0x62f176385ea0_0;  1 drivers
v0x62f1763a5c60_0 .var "instruction", 31 0;
S_0x62f17638e2d0 .scope module, "uut" "ImmediateGenerator" 2 8, 3 1 0, S_0x62f17638e140;
 .timescale -9 -12;
    .port_info 0 /INPUT 32 "instruction";
    .port_info 1 /OUTPUT 32 "imm";
P_0x62f17634c490 .param/l "AUIPC" 0 3 15, C4<0010111>;
P_0x62f17634c4d0 .param/l "BRANCH" 0 3 13, C4<1100011>;
P_0x62f17634c510 .param/l "JAL" 0 3 16, C4<1101111>;
P_0x62f17634c550 .param/l "JALR" 0 3 11, C4<1100111>;
P_0x62f17634c590 .param/l "LOAD" 0 3 10, C4<0000011>;
P_0x62f17634c5d0 .param/l "LUI" 0 3 14, C4<0110111>;
P_0x62f17634c610 .param/l "OP" 0 3 17, C4<0110011>;
P_0x62f17634c650 .param/l "OP_IMM" 0 3 9, C4<0010011>;
P_0x62f17634c690 .param/l "STORE" 0 3 12, C4<0100011>;
v0x62f176385ea0_0 .var "imm", 31 0;
v0x62f176386020_0 .net "instruct_type", 6 0, L_0x62f1763a5d00;  1 drivers
v0x62f176385a20_0 .net "instruction", 31 0, v0x62f1763a5c60_0;  1 drivers
E_0x62f17634cf80 .event anyedge, v0x62f176386020_0, v0x62f176385a20_0, v0x62f176385ea0_0;
L_0x62f1763a5d00 .part v0x62f1763a5c60_0, 0, 7;
    .scope S_0x62f17638e2d0;
T_0 ;
    %wait E_0x62f17634cf80;
    %pushi/vec4 0, 0, 32;
    %store/vec4 v0x62f176385ea0_0, 0, 32;
    %load/vec4 v0x62f176386020_0;
    %dup/vec4;
    %pushi/vec4 19, 0, 7;
    %cmp/u;
    %jmp/1 T_0.0, 6;
    %dup/vec4;
    %pushi/vec4 3, 0, 7;
    %cmp/u;
    %jmp/1 T_0.1, 6;
    %dup/vec4;
    %pushi/vec4 103, 0, 7;
    %cmp/u;
    %jmp/1 T_0.2, 6;
    %dup/vec4;
    %pushi/vec4 35, 0, 7;
    %cmp/u;
    %jmp/1 T_0.3, 6;
    %dup/vec4;
    %pushi/vec4 99, 0, 7;
    %cmp/u;
    %jmp/1 T_0.4, 6;
    %dup/vec4;
    %pushi/vec4 55, 0, 7;
    %cmp/u;
    %jmp/1 T_0.5, 6;
    %dup/vec4;
    %pushi/vec4 23, 0, 7;
    %cmp/u;
    %jmp/1 T_0.6, 6;
    %dup/vec4;
    %pushi/vec4 111, 0, 7;
    %cmp/u;
    %jmp/1 T_0.7, 6;
    %pushi/vec4 0, 0, 32;
    %store/vec4 v0x62f176385ea0_0, 0, 32;
    %jmp T_0.9;
T_0.0 ;
    %load/vec4 v0x62f176385a20_0;
    %parti/s 12, 20, 6;
    %ix/load 4, 0, 0;
    %flag_set/imm 4, 0;
    %store/vec4 v0x62f176385ea0_0, 4, 12;
    %load/vec4 v0x62f176385a20_0;
    %parti/s 1, 31, 6;
    %replicate 20;
    %ix/load 4, 12, 0;
    %flag_set/imm 4, 0;
    %store/vec4 v0x62f176385ea0_0, 4, 20;
    %jmp T_0.9;
T_0.1 ;
    %load/vec4 v0x62f176385a20_0;
    %parti/s 12, 20, 6;
    %ix/load 4, 0, 0;
    %flag_set/imm 4, 0;
    %store/vec4 v0x62f176385ea0_0, 4, 12;
    %load/vec4 v0x62f176385a20_0;
    %parti/s 1, 31, 6;
    %replicate 20;
    %ix/load 4, 12, 0;
    %flag_set/imm 4, 0;
    %store/vec4 v0x62f176385ea0_0, 4, 20;
    %jmp T_0.9;
T_0.2 ;
    %load/vec4 v0x62f176385a20_0;
    %parti/s 12, 20, 6;
    %ix/load 4, 0, 0;
    %flag_set/imm 4, 0;
    %store/vec4 v0x62f176385ea0_0, 4, 12;
    %load/vec4 v0x62f176385a20_0;
    %parti/s 1, 31, 6;
    %replicate 20;
    %ix/load 4, 12, 0;
    %flag_set/imm 4, 0;
    %store/vec4 v0x62f176385ea0_0, 4, 20;
    %jmp T_0.9;
T_0.3 ;
    %load/vec4 v0x62f176385a20_0;
    %parti/s 7, 25, 6;
    %ix/load 4, 5, 0;
    %flag_set/imm 4, 0;
    %store/vec4 v0x62f176385ea0_0, 4, 7;
    %load/vec4 v0x62f176385a20_0;
    %parti/s 5, 7, 4;
    %ix/load 4, 0, 0;
    %flag_set/imm 4, 0;
    %store/vec4 v0x62f176385ea0_0, 4, 5;
    %load/vec4 v0x62f176385a20_0;
    %parti/s 1, 31, 6;
    %replicate 20;
    %ix/load 4, 12, 0;
    %flag_set/imm 4, 0;
    %store/vec4 v0x62f176385ea0_0, 4, 20;
    %jmp T_0.9;
T_0.4 ;
    %load/vec4 v0x62f176385a20_0;
    %parti/s 1, 31, 6;
    %ix/load 4, 12, 0;
    %flag_set/imm 4, 0;
    %store/vec4 v0x62f176385ea0_0, 4, 1;
    %load/vec4 v0x62f176385a20_0;
    %parti/s 6, 25, 6;
    %ix/load 4, 5, 0;
    %flag_set/imm 4, 0;
    %store/vec4 v0x62f176385ea0_0, 4, 6;
    %load/vec4 v0x62f176385a20_0;
    %parti/s 4, 8, 5;
    %ix/load 4, 1, 0;
    %flag_set/imm 4, 0;
    %store/vec4 v0x62f176385ea0_0, 4, 4;
    %load/vec4 v0x62f176385a20_0;
    %parti/s 1, 7, 4;
    %ix/load 4, 11, 0;
    %flag_set/imm 4, 0;
    %store/vec4 v0x62f176385ea0_0, 4, 1;
    %load/vec4 v0x62f176385a20_0;
    %parti/s 1, 31, 6;
    %replicate 19;
    %ix/load 4, 13, 0;
    %flag_set/imm 4, 0;
    %store/vec4 v0x62f176385ea0_0, 4, 19;
    %load/vec4 v0x62f176385ea0_0;
    %ix/load 4, 1, 0;
    %flag_set/imm 4, 0;
    %shiftl 4;
    %store/vec4 v0x62f176385ea0_0, 0, 32;
    %jmp T_0.9;
T_0.5 ;
    %load/vec4 v0x62f176385a20_0;
    %parti/s 20, 12, 5;
    %ix/load 4, 12, 0;
    %flag_set/imm 4, 0;
    %store/vec4 v0x62f176385ea0_0, 4, 20;
    %jmp T_0.9;
T_0.6 ;
    %load/vec4 v0x62f176385a20_0;
    %parti/s 20, 12, 5;
    %ix/load 4, 12, 0;
    %flag_set/imm 4, 0;
    %store/vec4 v0x62f176385ea0_0, 4, 20;
    %jmp T_0.9;
T_0.7 ;
    %load/vec4 v0x62f176385a20_0;
    %parti/s 1, 31, 6;
    %ix/load 4, 20, 0;
    %flag_set/imm 4, 0;
    %store/vec4 v0x62f176385ea0_0, 4, 1;
    %load/vec4 v0x62f176385a20_0;
    %parti/s 10, 21, 6;
    %ix/load 4, 1, 0;
    %flag_set/imm 4, 0;
    %store/vec4 v0x62f176385ea0_0, 4, 10;
    %load/vec4 v0x62f176385a20_0;
    %parti/s 1, 20, 6;
    %ix/load 4, 11, 0;
    %flag_set/imm 4, 0;
    %store/vec4 v0x62f176385ea0_0, 4, 1;
    %load/vec4 v0x62f176385a20_0;
    %parti/s 8, 12, 5;
    %ix/load 4, 12, 0;
    %flag_set/imm 4, 0;
    %store/vec4 v0x62f176385ea0_0, 4, 8;
    %load/vec4 v0x62f176385a20_0;
    %parti/s 1, 31, 6;
    %replicate 11;
    %ix/load 4, 21, 0;
    %flag_set/imm 4, 0;
    %store/vec4 v0x62f176385ea0_0, 4, 11;
    %jmp T_0.9;
T_0.9 ;
    %pop/vec4 1;
    %jmp T_0;
    .thread T_0, $push;
    .scope S_0x62f17638e140;
T_1 ;
    %vpi_call 2 14 "$dumpfile", "IG_waveform.vcd" {0 0 0};
    %vpi_call 2 15 "$dumpvars", 32'sb00000000000000000000000000000000, S_0x62f17638e140 {0 0 0};
    %pushi/vec4 10551443, 0, 32;
    %store/vec4 v0x62f1763a5c60_0, 0, 32;
    %delay 20000, 0;
    %pushi/vec4 4293984403, 0, 32;
    %store/vec4 v0x62f1763a5c60_0, 0, 32;
    %delay 20000, 0;
    %pushi/vec4 4264700963, 0, 32;
    %store/vec4 v0x62f1763a5c60_0, 0, 32;
    %delay 20000, 0;
    %pushi/vec4 4263546595, 0, 32;
    %store/vec4 v0x62f1763a5c60_0, 0, 32;
    %delay 20000, 0;
    %pushi/vec4 2131043, 0, 32;
    %store/vec4 v0x62f1763a5c60_0, 0, 32;
    %delay 20000, 0;
    %pushi/vec4 305418935, 0, 32;
    %store/vec4 v0x62f1763a5c60_0, 0, 32;
    %delay 20000, 0;
    %pushi/vec4 8388847, 0, 32;
    %store/vec4 v0x62f1763a5c60_0, 0, 32;
    %delay 20000, 0;
    %pushi/vec4 4288671983, 0, 32;
    %store/vec4 v0x62f1763a5c60_0, 0, 32;
    %delay 20000, 0;
    %vpi_call 2 40 "$finish" {0 0 0};
    %end;
    .thread T_1;
# The file index is used to find the file name in the following table.
:file_names 4;
    "N/A";
    "<interactive>";
    "tb/tb_IG.v";
    "./rtl/ImmediateGenerator.v";
