#! /usr/bin/vvp
:ivl_version "12.0 (stable)";
:ivl_delay_selection "TYPICAL";
:vpi_time_precision - 12;
:vpi_module "/usr/lib/x86_64-linux-gnu/ivl/system.vpi";
:vpi_module "/usr/lib/x86_64-linux-gnu/ivl/vhdl_sys.vpi";
:vpi_module "/usr/lib/x86_64-linux-gnu/ivl/vhdl_textio.vpi";
:vpi_module "/usr/lib/x86_64-linux-gnu/ivl/v2005_math.vpi";
:vpi_module "/usr/lib/x86_64-linux-gnu/ivl/va_math.vpi";
S_0x63b271a1b490 .scope module, "tb_EX" "tb_EX" 2 5;
 .timescale -9 -12;
v0x63b271a81d40_0 .net "ALU_result", 31 0, v0x63b271a80910_0;  1 drivers
v0x63b271a81e20_0 .net "Branch_taken", 0 0, v0x63b271a80d00_0;  1 drivers
v0x63b271a81ee0_0 .var "PC_out", 31 0;
v0x63b271a81fe0_0 .net "PC_target", 31 0, v0x63b271a81230_0;  1 drivers
v0x63b271a820b0_0 .var "alu_op", 3 0;
v0x63b271a821f0_0 .var "alu_src", 0 0;
v0x63b271a82290_0 .var "branch", 0 0;
v0x63b271a82330_0 .var "imm", 31 0;
v0x63b271a82400_0 .var "jump", 0 0;
v0x63b271a824d0_0 .var "jump_reg", 0 0;
v0x63b271a825a0_0 .var "rs1_data", 31 0;
v0x63b271a82640_0 .var "rs2_data", 31 0;
v0x63b271a826e0_0 .net "rs2_forward", 31 0, L_0x63b271a56110;  1 drivers
S_0x63b271a1b620 .scope module, "uut" "EX_stage" 2 24, 3 1 0, S_0x63b271a1b490;
 .timescale -9 -12;
    .port_info 0 /INPUT 32 "rs1_data";
    .port_info 1 /INPUT 32 "rs2_data";
    .port_info 2 /INPUT 32 "imm";
    .port_info 3 /INPUT 32 "PC_out";
    .port_info 4 /INPUT 4 "alu_op";
    .port_info 5 /INPUT 1 "alu_src";
    .port_info 6 /INPUT 1 "branch";
    .port_info 7 /INPUT 1 "jump";
    .port_info 8 /INPUT 1 "jump_reg";
    .port_info 9 /OUTPUT 32 "ALU_result";
    .port_info 10 /OUTPUT 32 "rs2_forward";
    .port_info 11 /OUTPUT 32 "PC_target";
    .port_info 12 /OUTPUT 1 "Branch_taken";
L_0x63b271a56110 .functor BUFZ 32, v0x63b271a82640_0, C4<00000000000000000000000000000000>, C4<00000000000000000000000000000000>, C4<00000000000000000000000000000000>;
v0x63b271a80ba0_0 .net "ALU_flag", 0 0, L_0x63b271a92c80;  1 drivers
v0x63b271a80c60_0 .net "ALU_result", 31 0, v0x63b271a80910_0;  alias, 1 drivers
v0x63b271a80d00_0 .var "Branch_taken", 0 0;
v0x63b271a80da0_0 .net "PC_branch", 31 0, L_0x63b271a92990;  1 drivers
v0x63b271a80e60_0 .net "PC_jump", 31 0, L_0x63b271a92a80;  1 drivers
v0x63b271a80f90_0 .net "PC_jump_reg", 31 0, L_0x63b271a92b20;  1 drivers
v0x63b271a81070_0 .net "PC_out", 31 0, v0x63b271a81ee0_0;  1 drivers
v0x63b271a81150_0 .net "PC_plus_4", 31 0, L_0x63b271a92820;  1 drivers
v0x63b271a81230_0 .var "PC_target", 31 0;
L_0x77e46b6ae018 .functor BUFT 1, C4<00000000000000000000000000000100>, C4<0>, C4<0>, C4<0>;
v0x63b271a81310_0 .net/2u *"_ivl_0", 31 0, L_0x77e46b6ae018;  1 drivers
v0x63b271a813f0_0 .net "alu_op", 3 0, v0x63b271a820b0_0;  1 drivers
v0x63b271a814b0_0 .net "alu_src", 0 0, v0x63b271a821f0_0;  1 drivers
v0x63b271a81550_0 .net "branch", 0 0, v0x63b271a82290_0;  1 drivers
v0x63b271a81610_0 .net "imm", 31 0, v0x63b271a82330_0;  1 drivers
v0x63b271a816f0_0 .net "jump", 0 0, v0x63b271a82400_0;  1 drivers
v0x63b271a817b0_0 .net "jump_reg", 0 0, v0x63b271a824d0_0;  1 drivers
v0x63b271a81870_0 .net "rs1_data", 31 0, v0x63b271a825a0_0;  1 drivers
v0x63b271a81930_0 .net "rs2_data", 31 0, v0x63b271a82640_0;  1 drivers
v0x63b271a819f0_0 .net "rs2_forward", 31 0, L_0x63b271a56110;  alias, 1 drivers
v0x63b271a81ad0_0 .var "second_im1", 31 0;
E_0x63b271a5b8a0/0 .event anyedge, v0x63b271a81150_0, v0x63b271a817b0_0, v0x63b271a80f90_0, v0x63b271a816f0_0;
E_0x63b271a5b8a0/1 .event anyedge, v0x63b271a80e60_0, v0x63b271a81550_0, v0x63b271a80a40_0, v0x63b271a80da0_0;
E_0x63b271a5b8a0 .event/or E_0x63b271a5b8a0/0, E_0x63b271a5b8a0/1;
E_0x63b271a5bbb0 .event anyedge, v0x63b271a814b0_0, v0x63b271a81610_0, v0x63b271a81930_0;
L_0x63b271a92820 .arith/sum 32, v0x63b271a81ee0_0, L_0x77e46b6ae018;
L_0x63b271a92990 .arith/sum 32, v0x63b271a81ee0_0, v0x63b271a82330_0;
L_0x63b271a92a80 .arith/sum 32, v0x63b271a81ee0_0, v0x63b271a82330_0;
L_0x63b271a92b20 .arith/sum 32, v0x63b271a825a0_0, v0x63b271a82330_0;
S_0x63b271a60d70 .scope module, "ALU_Block" "ALU" 3 62, 4 1 0, S_0x63b271a1b620;
 .timescale -9 -12;
    .port_info 0 /INPUT 32 "in0";
    .port_info 1 /INPUT 32 "in1";
    .port_info 2 /INPUT 4 "ALU_op";
    .port_info 3 /OUTPUT 32 "result";
    .port_info 4 /OUTPUT 1 "zero_flag";
P_0x63b271a60f50 .param/l "ADD_op" 0 4 8, C4<0000>;
P_0x63b271a60f90 .param/l "AND_op" 0 4 10, C4<0010>;
P_0x63b271a60fd0 .param/l "OR_op" 0 4 11, C4<0011>;
P_0x63b271a61010 .param/l "SLL_op" 0 4 15, C4<0111>;
P_0x63b271a61050 .param/l "SLTU_op" 0 4 13, C4<0101>;
P_0x63b271a61090 .param/l "SLT_op" 0 4 14, C4<0110>;
P_0x63b271a610d0 .param/l "SRA_op" 0 4 17, C4<1001>;
P_0x63b271a61110 .param/l "SRL_op" 0 4 16, C4<1000>;
P_0x63b271a61150 .param/l "SUB_op" 0 4 9, C4<0001>;
P_0x63b271a61190 .param/l "XOR_op" 0 4 12, C4<0100>;
v0x63b271a5d260_0 .net "ALU_op", 3 0, v0x63b271a820b0_0;  alias, 1 drivers
L_0x77e46b6ae060 .functor BUFT 1, C4<00000000000000000000000000000000>, C4<0>, C4<0>, C4<0>;
v0x63b271a5d3d0_0 .net/2u *"_ivl_0", 31 0, L_0x77e46b6ae060;  1 drivers
v0x63b271a5d0f0_0 .net "in0", 31 0, v0x63b271a825a0_0;  alias, 1 drivers
v0x63b271a5cf80_0 .net "in1", 31 0, v0x63b271a81ad0_0;  1 drivers
v0x63b271a80910_0 .var "result", 31 0;
v0x63b271a80a40_0 .net "zero_flag", 0 0, L_0x63b271a92c80;  alias, 1 drivers
E_0x63b271a5c480 .event anyedge, v0x63b271a5d260_0, v0x63b271a5d0f0_0, v0x63b271a5cf80_0;
L_0x63b271a92c80 .cmp/eq 32, v0x63b271a80910_0, L_0x77e46b6ae060;
    .scope S_0x63b271a60d70;
T_0 ;
    %wait E_0x63b271a5c480;
    %load/vec4 v0x63b271a5d260_0;
    %dup/vec4;
    %pushi/vec4 0, 0, 4;
    %cmp/u;
    %jmp/1 T_0.0, 6;
    %dup/vec4;
    %pushi/vec4 1, 0, 4;
    %cmp/u;
    %jmp/1 T_0.1, 6;
    %dup/vec4;
    %pushi/vec4 2, 0, 4;
    %cmp/u;
    %jmp/1 T_0.2, 6;
    %dup/vec4;
    %pushi/vec4 3, 0, 4;
    %cmp/u;
    %jmp/1 T_0.3, 6;
    %dup/vec4;
    %pushi/vec4 4, 0, 4;
    %cmp/u;
    %jmp/1 T_0.4, 6;
    %dup/vec4;
    %pushi/vec4 6, 0, 4;
    %cmp/u;
    %jmp/1 T_0.5, 6;
    %dup/vec4;
    %pushi/vec4 5, 0, 4;
    %cmp/u;
    %jmp/1 T_0.6, 6;
    %dup/vec4;
    %pushi/vec4 7, 0, 4;
    %cmp/u;
    %jmp/1 T_0.7, 6;
    %dup/vec4;
    %pushi/vec4 8, 0, 4;
    %cmp/u;
    %jmp/1 T_0.8, 6;
    %dup/vec4;
    %pushi/vec4 9, 0, 4;
    %cmp/u;
    %jmp/1 T_0.9, 6;
    %pushi/vec4 0, 0, 32;
    %store/vec4 v0x63b271a80910_0, 0, 32;
    %jmp T_0.11;
T_0.0 ;
    %load/vec4 v0x63b271a5d0f0_0;
    %load/vec4 v0x63b271a5cf80_0;
    %add;
    %store/vec4 v0x63b271a80910_0, 0, 32;
    %jmp T_0.11;
T_0.1 ;
    %load/vec4 v0x63b271a5d0f0_0;
    %load/vec4 v0x63b271a5cf80_0;
    %sub;
    %store/vec4 v0x63b271a80910_0, 0, 32;
    %jmp T_0.11;
T_0.2 ;
    %load/vec4 v0x63b271a5d0f0_0;
    %load/vec4 v0x63b271a5cf80_0;
    %and;
    %store/vec4 v0x63b271a80910_0, 0, 32;
    %jmp T_0.11;
T_0.3 ;
    %load/vec4 v0x63b271a5d0f0_0;
    %load/vec4 v0x63b271a5cf80_0;
    %or;
    %store/vec4 v0x63b271a80910_0, 0, 32;
    %jmp T_0.11;
T_0.4 ;
    %load/vec4 v0x63b271a5d0f0_0;
    %load/vec4 v0x63b271a5cf80_0;
    %xor;
    %store/vec4 v0x63b271a80910_0, 0, 32;
    %jmp T_0.11;
T_0.5 ;
    %load/vec4 v0x63b271a5d0f0_0;
    %load/vec4 v0x63b271a5cf80_0;
    %cmp/s;
    %flag_mov 8, 5;
    %jmp/0 T_0.12, 8;
    %pushi/vec4 1, 0, 32;
    %jmp/1 T_0.13, 8;
T_0.12 ; End of true expr.
    %pushi/vec4 0, 0, 32;
    %jmp/0 T_0.13, 8;
 ; End of false expr.
    %blend;
T_0.13;
    %store/vec4 v0x63b271a80910_0, 0, 32;
    %jmp T_0.11;
T_0.6 ;
    %load/vec4 v0x63b271a5d0f0_0;
    %load/vec4 v0x63b271a5cf80_0;
    %cmp/u;
    %flag_mov 8, 5;
    %jmp/0 T_0.14, 8;
    %pushi/vec4 1, 0, 32;
    %jmp/1 T_0.15, 8;
T_0.14 ; End of true expr.
    %pushi/vec4 0, 0, 32;
    %jmp/0 T_0.15, 8;
 ; End of false expr.
    %blend;
T_0.15;
    %store/vec4 v0x63b271a80910_0, 0, 32;
    %jmp T_0.11;
T_0.7 ;
    %load/vec4 v0x63b271a5d0f0_0;
    %load/vec4 v0x63b271a5cf80_0;
    %parti/s 5, 0, 2;
    %ix/vec4 4;
    %shiftl 4;
    %store/vec4 v0x63b271a80910_0, 0, 32;
    %jmp T_0.11;
T_0.8 ;
    %load/vec4 v0x63b271a5d0f0_0;
    %load/vec4 v0x63b271a5cf80_0;
    %parti/s 5, 0, 2;
    %ix/vec4 4;
    %shiftr 4;
    %store/vec4 v0x63b271a80910_0, 0, 32;
    %jmp T_0.11;
T_0.9 ;
    %load/vec4 v0x63b271a5d0f0_0;
    %load/vec4 v0x63b271a5cf80_0;
    %parti/s 5, 0, 2;
    %ix/vec4 4;
    %shiftr/s 4;
    %store/vec4 v0x63b271a80910_0, 0, 32;
    %jmp T_0.11;
T_0.11 ;
    %pop/vec4 1;
    %jmp T_0;
    .thread T_0, $push;
    .scope S_0x63b271a1b620;
T_1 ;
    %wait E_0x63b271a5bbb0;
    %load/vec4 v0x63b271a814b0_0;
    %dup/vec4;
    %pushi/vec4 1, 0, 1;
    %cmp/u;
    %jmp/1 T_1.0, 6;
    %dup/vec4;
    %pushi/vec4 0, 0, 1;
    %cmp/u;
    %jmp/1 T_1.1, 6;
    %jmp T_1.2;
T_1.0 ;
    %load/vec4 v0x63b271a81610_0;
    %store/vec4 v0x63b271a81ad0_0, 0, 32;
    %jmp T_1.2;
T_1.1 ;
    %load/vec4 v0x63b271a81930_0;
    %store/vec4 v0x63b271a81ad0_0, 0, 32;
    %jmp T_1.2;
T_1.2 ;
    %pop/vec4 1;
    %jmp T_1;
    .thread T_1, $push;
    .scope S_0x63b271a1b620;
T_2 ;
    %wait E_0x63b271a5b8a0;
    %pushi/vec4 0, 0, 1;
    %store/vec4 v0x63b271a80d00_0, 0, 1;
    %load/vec4 v0x63b271a81150_0;
    %store/vec4 v0x63b271a81230_0, 0, 32;
    %load/vec4 v0x63b271a817b0_0;
    %flag_set/vec4 8;
    %jmp/0xz  T_2.0, 8;
    %load/vec4 v0x63b271a80f90_0;
    %store/vec4 v0x63b271a81230_0, 0, 32;
    %pushi/vec4 1, 0, 1;
    %store/vec4 v0x63b271a80d00_0, 0, 1;
    %jmp T_2.1;
T_2.0 ;
    %load/vec4 v0x63b271a816f0_0;
    %flag_set/vec4 8;
    %jmp/0xz  T_2.2, 8;
    %load/vec4 v0x63b271a80e60_0;
    %store/vec4 v0x63b271a81230_0, 0, 32;
    %pushi/vec4 1, 0, 1;
    %store/vec4 v0x63b271a80d00_0, 0, 1;
    %jmp T_2.3;
T_2.2 ;
    %load/vec4 v0x63b271a81550_0;
    %flag_set/vec4 9;
    %flag_get/vec4 9;
    %jmp/0 T_2.6, 9;
    %load/vec4 v0x63b271a80ba0_0;
    %nor/r;
    %and;
T_2.6;
    %flag_set/vec4 8;
    %jmp/0xz  T_2.4, 8;
    %load/vec4 v0x63b271a80da0_0;
    %store/vec4 v0x63b271a81230_0, 0, 32;
    %pushi/vec4 1, 0, 1;
    %store/vec4 v0x63b271a80d00_0, 0, 1;
T_2.4 ;
T_2.3 ;
T_2.1 ;
    %jmp T_2;
    .thread T_2, $push;
    .scope S_0x63b271a1b490;
T_3 ;
    %vpi_call 2 41 "$dumpfile", "EX_waveform.vcd" {0 0 0};
    %vpi_call 2 42 "$dumpvars", 32'sb00000000000000000000000000000000, S_0x63b271a1b490 {0 0 0};
    %pushi/vec4 10, 0, 32;
    %store/vec4 v0x63b271a825a0_0, 0, 32;
    %pushi/vec4 7, 0, 32;
    %store/vec4 v0x63b271a82640_0, 0, 32;
    %pushi/vec4 0, 0, 1;
    %store/vec4 v0x63b271a821f0_0, 0, 1;
    %pushi/vec4 0, 0, 4;
    %store/vec4 v0x63b271a820b0_0, 0, 4;
    %pushi/vec4 0, 0, 1;
    %store/vec4 v0x63b271a82290_0, 0, 1;
    %pushi/vec4 0, 0, 1;
    %store/vec4 v0x63b271a82400_0, 0, 1;
    %pushi/vec4 0, 0, 1;
    %store/vec4 v0x63b271a824d0_0, 0, 1;
    %pushi/vec4 100, 0, 32;
    %store/vec4 v0x63b271a81ee0_0, 0, 32;
    %delay 20000, 0;
    %pushi/vec4 1, 0, 1;
    %store/vec4 v0x63b271a821f0_0, 0, 1;
    %pushi/vec4 5, 0, 32;
    %store/vec4 v0x63b271a82330_0, 0, 32;
    %delay 20000, 0;
    %pushi/vec4 16, 0, 32;
    %store/vec4 v0x63b271a82330_0, 0, 32;
    %pushi/vec4 0, 0, 1;
    %store/vec4 v0x63b271a821f0_0, 0, 1;
    %pushi/vec4 1, 0, 4;
    %store/vec4 v0x63b271a820b0_0, 0, 4;
    %pushi/vec4 1, 0, 1;
    %store/vec4 v0x63b271a82290_0, 0, 1;
    %delay 20000, 0;
    %pushi/vec4 16, 0, 32;
    %store/vec4 v0x63b271a82330_0, 0, 32;
    %pushi/vec4 0, 0, 1;
    %store/vec4 v0x63b271a821f0_0, 0, 1;
    %pushi/vec4 1, 0, 4;
    %store/vec4 v0x63b271a820b0_0, 0, 4;
    %pushi/vec4 1, 0, 1;
    %store/vec4 v0x63b271a82290_0, 0, 1;
    %pushi/vec4 0, 0, 1;
    %store/vec4 v0x63b271a82400_0, 0, 1;
    %pushi/vec4 0, 0, 1;
    %store/vec4 v0x63b271a824d0_0, 0, 1;
    %delay 20000, 0;
    %vpi_call 2 77 "$finish" {0 0 0};
    %end;
    .thread T_3;
# The file index is used to find the file name in the following table.
:file_names 5;
    "N/A";
    "<interactive>";
    "./tb/tb_EX.v";
    "./rtl/EX_stage.v";
    "./rtl/ALU.v";
